{"C:\\ai_fast_builderthon\\start_smart\\engine\\data_local\\USAGE_EXAMPLE.js": {"path":"C:\\ai_fast_builderthon\\start_smart\\engine\\data_local\\USAGE_EXAMPLE.js","statementMap":{"0":{"start":{"line":7,"column":67},"end":{"line":7,"column":91}},"1":{"start":{"line":8,"column":40},"end":{"line":8,"column":61}},"2":{"start":{"line":9,"column":41},"end":{"line":9,"column":63}},"3":{"start":{"line":16,"column":2},"end":{"line":16,"column":44}},"4":{"start":{"line":19,"column":16},"end":{"line":19,"column":47}},"5":{"start":{"line":21,"column":2},"end":{"line":24,"column":3}},"6":{"start":{"line":22,"column":4},"end":{"line":22,"column":37}},"7":{"start":{"line":23,"column":4},"end":{"line":23,"column":11}},"8":{"start":{"line":26,"column":2},"end":{"line":26,"column":36}},"9":{"start":{"line":27,"column":2},"end":{"line":27,"column":52}},"10":{"start":{"line":30,"column":24},"end":{"line":44,"column":4}},"11":{"start":{"line":46,"column":2},"end":{"line":46,"column":80}},"12":{"start":{"line":47,"column":2},"end":{"line":47,"column":57}},"13":{"start":{"line":55,"column":2},"end":{"line":55,"column":45}},"14":{"start":{"line":57,"column":17},"end":{"line":57,"column":31}},"15":{"start":{"line":58,"column":21},"end":{"line":63,"column":3}},"16":{"start":{"line":65,"column":18},"end":{"line":82,"column":28}},"17":{"start":{"line":66,"column":18},"end":{"line":66,"column":49}},"18":{"start":{"line":67,"column":4},"end":{"line":67,"column":28}},"19":{"start":{"line":67,"column":16},"end":{"line":67,"column":28}},"20":{"start":{"line":69,"column":20},"end":{"line":74,"column":6}},"21":{"start":{"line":76,"column":4},"end":{"line":81,"column":6}},"22":{"start":{"line":82,"column":17},"end":{"line":82,"column":27}},"23":{"start":{"line":85,"column":2},"end":{"line":89,"column":5}},"24":{"start":{"line":86,"column":4},"end":{"line":86,"column":43}},"25":{"start":{"line":86,"column":34},"end":{"line":86,"column":43}},"26":{"start":{"line":87,"column":4},"end":{"line":87,"column":44}},"27":{"start":{"line":87,"column":34},"end":{"line":87,"column":44}},"28":{"start":{"line":88,"column":4},"end":{"line":88,"column":45}},"29":{"start":{"line":91,"column":2},"end":{"line":91,"column":32}},"30":{"start":{"line":92,"column":2},"end":{"line":95,"column":5}},"31":{"start":{"line":93,"column":20},"end":{"line":93,"column":88}},"32":{"start":{"line":94,"column":4},"end":{"line":94,"column":70}},"33":{"start":{"line":103,"column":2},"end":{"line":103,"column":46}},"34":{"start":{"line":105,"column":16},"end":{"line":105,"column":47}},"35":{"start":{"line":106,"column":21},"end":{"line":106,"column":49}},"36":{"start":{"line":108,"column":2},"end":{"line":113,"column":3}},"37":{"start":{"line":109,"column":4},"end":{"line":109,"column":35}},"38":{"start":{"line":111,"column":4},"end":{"line":111,"column":38}},"39":{"start":{"line":112,"column":4},"end":{"line":112,"column":66}},"40":{"start":{"line":112,"column":37},"end":{"line":112,"column":64}},"41":{"start":{"line":121,"column":2},"end":{"line":121,"column":49}},"42":{"start":{"line":123,"column":16},"end":{"line":123,"column":47}},"43":{"start":{"line":124,"column":30},"end":{"line":124,"column":32}},"44":{"start":{"line":127,"column":22},"end":{"line":127,"column":58}},"45":{"start":{"line":129,"column":2},"end":{"line":129,"column":57}},"46":{"start":{"line":131,"column":2},"end":{"line":148,"column":5}},"47":{"start":{"line":132,"column":20},"end":{"line":142,"column":6}},"48":{"start":{"line":144,"column":20},"end":{"line":144,"column":41}},"49":{"start":{"line":145,"column":19},"end":{"line":145,"column":81}},"50":{"start":{"line":147,"column":4},"end":{"line":147,"column":118}},"51":{"start":{"line":155,"column":0},"end":{"line":160,"column":1}},"52":{"start":{"line":156,"column":2},"end":{"line":156,"column":25}},"53":{"start":{"line":157,"column":2},"end":{"line":157,"column":30}},"54":{"start":{"line":158,"column":2},"end":{"line":158,"column":27}},"55":{"start":{"line":159,"column":2},"end":{"line":159,"column":35}},"56":{"start":{"line":162,"column":0},"end":{"line":167,"column":2}}},"fnMap":{"0":{"name":"example1_singleBrand","decl":{"start":{"line":15,"column":9},"end":{"line":15,"column":29}},"loc":{"start":{"line":15,"column":32},"end":{"line":48,"column":1}},"line":15},"1":{"name":"example2_compareAllBrands","decl":{"start":{"line":54,"column":9},"end":{"line":54,"column":34}},"loc":{"start":{"line":54,"column":37},"end":{"line":96,"column":1}},"line":54},"2":{"name":"(anonymous_2)","decl":{"start":{"line":65,"column":29},"end":{"line":65,"column":30}},"loc":{"start":{"line":65,"column":42},"end":{"line":82,"column":3}},"line":65},"3":{"name":"(anonymous_3)","decl":{"start":{"line":82,"column":12},"end":{"line":82,"column":13}},"loc":{"start":{"line":82,"column":17},"end":{"line":82,"column":27}},"line":82},"4":{"name":"(anonymous_4)","decl":{"start":{"line":85,"column":15},"end":{"line":85,"column":16}},"loc":{"start":{"line":85,"column":25},"end":{"line":89,"column":3}},"line":85},"5":{"name":"(anonymous_5)","decl":{"start":{"line":92,"column":18},"end":{"line":92,"column":19}},"loc":{"start":{"line":92,"column":30},"end":{"line":95,"column":3}},"line":92},"6":{"name":"example3_validateBrand","decl":{"start":{"line":102,"column":9},"end":{"line":102,"column":31}},"loc":{"start":{"line":102,"column":34},"end":{"line":114,"column":1}},"line":102},"7":{"name":"(anonymous_7)","decl":{"start":{"line":112,"column":30},"end":{"line":112,"column":31}},"loc":{"start":{"line":112,"column":37},"end":{"line":112,"column":64}},"line":112},"8":{"name":"example4_findOptimalConditions","decl":{"start":{"line":120,"column":9},"end":{"line":120,"column":39}},"loc":{"start":{"line":120,"column":42},"end":{"line":149,"column":1}},"line":120},"9":{"name":"(anonymous_9)","decl":{"start":{"line":131,"column":22},"end":{"line":131,"column":23}},"loc":{"start":{"line":131,"column":30},"end":{"line":148,"column":3}},"line":131}},"branchMap":{"0":{"loc":{"start":{"line":21,"column":2},"end":{"line":24,"column":3}},"type":"if","locations":[{"start":{"line":21,"column":2},"end":{"line":24,"column":3}},{"start":{},"end":{}}],"line":21},"1":{"loc":{"start":{"line":67,"column":4},"end":{"line":67,"column":28}},"type":"if","locations":[{"start":{"line":67,"column":4},"end":{"line":67,"column":28}},{"start":{},"end":{}}],"line":67},"2":{"loc":{"start":{"line":86,"column":4},"end":{"line":86,"column":43}},"type":"if","locations":[{"start":{"line":86,"column":4},"end":{"line":86,"column":43}},{"start":{},"end":{}}],"line":86},"3":{"loc":{"start":{"line":87,"column":4},"end":{"line":87,"column":44}},"type":"if","locations":[{"start":{"line":87,"column":4},"end":{"line":87,"column":44}},{"start":{},"end":{}}],"line":87},"4":{"loc":{"start":{"line":93,"column":20},"end":{"line":93,"column":88}},"type":"cond-expr","locations":[{"start":{"line":93,"column":47},"end":{"line":93,"column":52}},{"start":{"line":93,"column":55},"end":{"line":93,"column":88}}],"line":93},"5":{"loc":{"start":{"line":108,"column":2},"end":{"line":113,"column":3}},"type":"if","locations":[{"start":{"line":108,"column":2},"end":{"line":113,"column":3}},{"start":{"line":110,"column":9},"end":{"line":113,"column":3}}],"line":108},"6":{"loc":{"start":{"line":145,"column":19},"end":{"line":145,"column":81}},"type":"cond-expr","locations":[{"start":{"line":145,"column":72},"end":{"line":145,"column":75}},{"start":{"line":145,"column":78},"end":{"line":145,"column":81}}],"line":145},"7":{"loc":{"start":{"line":145,"column":19},"end":{"line":145,"column":69}},"type":"binary-expr","locations":[{"start":{"line":145,"column":19},"end":{"line":145,"column":35}},{"start":{"line":145,"column":39},"end":{"line":145,"column":69}}],"line":145},"8":{"loc":{"start":{"line":147,"column":67},"end":{"line":147,"column":112}},"type":"cond-expr","locations":[{"start":{"line":147,"column":86},"end":{"line":147,"column":104}},{"start":{"line":147,"column":107},"end":{"line":147,"column":112}}],"line":147},"9":{"loc":{"start":{"line":155,"column":0},"end":{"line":160,"column":1}},"type":"if","locations":[{"start":{"line":155,"column":0},"end":{"line":160,"column":1}},{"start":{},"end":{}}],"line":155}},"s":{"0":0,"1":0,"2":0,"3":0,"4":0,"5":0,"6":0,"7":0,"8":0,"9":0,"10":0,"11":0,"12":0,"13":0,"14":0,"15":0,"16":0,"17":0,"18":0,"19":0,"20":0,"21":0,"22":0,"23":0,"24":0,"25":0,"26":0,"27":0,"28":0,"29":0,"30":0,"31":0,"32":0,"33":0,"34":0,"35":0,"36":0,"37":0,"38":0,"39":0,"40":0,"41":0,"42":0,"43":0,"44":0,"45":0,"46":0,"47":0,"48":0,"49":0,"50":0,"51":0,"52":0,"53":0,"54":0,"55":0,"56":0},"f":{"0":0,"1":0,"2":0,"3":0,"4":0,"5":0,"6":0,"7":0,"8":0,"9":0},"b":{"0":[0,0],"1":[0,0],"2":[0,0],"3":[0,0],"4":[0,0],"5":[0,0],"6":[0,0],"7":[0,0],"8":[0,0],"9":[0,0]}}
,"C:\\ai_fast_builderthon\\start_smart\\engine\\data_local\\brandLoader.js": {"path":"C:\\ai_fast_builderthon\\start_smart\\engine\\data_local\\brandLoader.js","statementMap":{"0":{"start":{"line":8,"column":17},"end":{"line":8,"column":38}},"1":{"start":{"line":15,"column":2},"end":{"line":15,"column":41}},"2":{"start":{"line":24,"column":2},"end":{"line":24,"column":46}},"3":{"start":{"line":32,"column":2},"end":{"line":32,"column":39}},"4":{"start":{"line":41,"column":2},"end":{"line":41,"column":51}},"5":{"start":{"line":50,"column":17},"end":{"line":50,"column":19}},"6":{"start":{"line":51,"column":19},"end":{"line":51,"column":34}},"7":{"start":{"line":53,"column":2},"end":{"line":56,"column":3}},"8":{"start":{"line":54,"column":4},"end":{"line":54,"column":41}},"9":{"start":{"line":55,"column":4},"end":{"line":55,"column":36}},"10":{"start":{"line":58,"column":25},"end":{"line":58,"column":62}},"11":{"start":{"line":59,"column":2},"end":{"line":63,"column":3}},"12":{"start":{"line":60,"column":4},"end":{"line":62,"column":5}},"13":{"start":{"line":61,"column":6},"end":{"line":61,"column":52}},"14":{"start":{"line":66,"column":2},"end":{"line":68,"column":3}},"15":{"start":{"line":67,"column":4},"end":{"line":67,"column":41}},"16":{"start":{"line":70,"column":2},"end":{"line":72,"column":3}},"17":{"start":{"line":71,"column":4},"end":{"line":71,"column":47}},"18":{"start":{"line":74,"column":2},"end":{"line":76,"column":3}},"19":{"start":{"line":75,"column":4},"end":{"line":75,"column":48}},"20":{"start":{"line":78,"column":2},"end":{"line":81,"column":4}},"21":{"start":{"line":84,"column":0},"end":{"line":90,"column":2}}},"fnMap":{"0":{"name":"loadBrandsData","decl":{"start":{"line":14,"column":15},"end":{"line":14,"column":29}},"loc":{"start":{"line":14,"column":32},"end":{"line":16,"column":1}},"line":14},"1":{"name":"getBrandById","decl":{"start":{"line":23,"column":15},"end":{"line":23,"column":27}},"loc":{"start":{"line":23,"column":37},"end":{"line":25,"column":1}},"line":23},"2":{"name":"getAllBrands","decl":{"start":{"line":31,"column":15},"end":{"line":31,"column":27}},"loc":{"start":{"line":31,"column":30},"end":{"line":33,"column":1}},"line":31},"3":{"name":"getBrandForEngine","decl":{"start":{"line":40,"column":15},"end":{"line":40,"column":32}},"loc":{"start":{"line":40,"column":42},"end":{"line":42,"column":1}},"line":40},"4":{"name":"validateBrandDefaults","decl":{"start":{"line":49,"column":9},"end":{"line":49,"column":30}},"loc":{"start":{"line":49,"column":38},"end":{"line":82,"column":1}},"line":49}},"branchMap":{"0":{"loc":{"start":{"line":53,"column":2},"end":{"line":56,"column":3}},"type":"if","locations":[{"start":{"line":53,"column":2},"end":{"line":56,"column":3}},{"start":{},"end":{}}],"line":53},"1":{"loc":{"start":{"line":60,"column":4},"end":{"line":62,"column":5}},"type":"if","locations":[{"start":{"line":60,"column":4},"end":{"line":62,"column":5}},{"start":{},"end":{}}],"line":60},"2":{"loc":{"start":{"line":60,"column":8},"end":{"line":60,"column":65}},"type":"binary-expr","locations":[{"start":{"line":60,"column":8},"end":{"line":60,"column":37}},{"start":{"line":60,"column":41},"end":{"line":60,"column":65}}],"line":60},"3":{"loc":{"start":{"line":66,"column":2},"end":{"line":68,"column":3}},"type":"if","locations":[{"start":{"line":66,"column":2},"end":{"line":68,"column":3}},{"start":{},"end":{}}],"line":66},"4":{"loc":{"start":{"line":66,"column":6},"end":{"line":66,"column":63}},"type":"binary-expr","locations":[{"start":{"line":66,"column":6},"end":{"line":66,"column":37}},{"start":{"line":66,"column":41},"end":{"line":66,"column":63}}],"line":66},"5":{"loc":{"start":{"line":70,"column":2},"end":{"line":72,"column":3}},"type":"if","locations":[{"start":{"line":70,"column":2},"end":{"line":72,"column":3}},{"start":{},"end":{}}],"line":70},"6":{"loc":{"start":{"line":70,"column":6},"end":{"line":70,"column":89}},"type":"binary-expr","locations":[{"start":{"line":70,"column":6},"end":{"line":70,"column":37}},{"start":{"line":70,"column":42},"end":{"line":70,"column":63}},{"start":{"line":70,"column":67},"end":{"line":70,"column":88}}],"line":70},"7":{"loc":{"start":{"line":74,"column":2},"end":{"line":76,"column":3}},"type":"if","locations":[{"start":{"line":74,"column":2},"end":{"line":76,"column":3}},{"start":{},"end":{}}],"line":74},"8":{"loc":{"start":{"line":74,"column":6},"end":{"line":74,"column":92}},"type":"binary-expr","locations":[{"start":{"line":74,"column":6},"end":{"line":74,"column":38}},{"start":{"line":74,"column":43},"end":{"line":74,"column":65}},{"start":{"line":74,"column":69},"end":{"line":74,"column":91}}],"line":74}},"s":{"0":0,"1":0,"2":0,"3":0,"4":0,"5":0,"6":0,"7":0,"8":0,"9":0,"10":0,"11":0,"12":0,"13":0,"14":0,"15":0,"16":0,"17":0,"18":0,"19":0,"20":0,"21":0},"f":{"0":0,"1":0,"2":0,"3":0,"4":0},"b":{"0":[0,0],"1":[0,0],"2":[0,0],"3":[0,0],"4":[0,0],"5":[0,0],"6":[0,0,0],"7":[0,0],"8":[0,0,0]}}
,"C:\\ai_fast_builderthon\\start_smart\\engine\\data_local\\dbLoader.js": {"path":"C:\\ai_fast_builderthon\\start_smart\\engine\\data_local\\dbLoader.js","statementMap":{"0":{"start":{"line":8,"column":0},"end":{"line":8,"column":27}},"1":{"start":{"line":9,"column":11},"end":{"line":9,"column":24}},"2":{"start":{"line":10,"column":13},"end":{"line":10,"column":28}},"3":{"start":{"line":13,"column":25},"end":{"line":13,"column":60}},"4":{"start":{"line":19,"column":17},"end":{"line":19,"column":47}},"5":{"start":{"line":20,"column":22},"end":{"line":20,"column":93}},"6":{"start":{"line":23,"column":2},"end":{"line":25,"column":3}},"7":{"start":{"line":24,"column":4},"end":{"line":24,"column":16}},"8":{"start":{"line":27,"column":2},"end":{"line":55,"column":3}},"9":{"start":{"line":28,"column":4},"end":{"line":51,"column":5}},"10":{"start":{"line":29,"column":20},"end":{"line":29,"column":45}},"11":{"start":{"line":30,"column":25},"end":{"line":36,"column":8}},"12":{"start":{"line":37,"column":6},"end":{"line":37,"column":43}},"13":{"start":{"line":38,"column":11},"end":{"line":51,"column":5}},"14":{"start":{"line":39,"column":23},"end":{"line":39,"column":36}},"15":{"start":{"line":40,"column":19},"end":{"line":46,"column":8}},"16":{"start":{"line":47,"column":6},"end":{"line":47,"column":54}},"17":{"start":{"line":49,"column":6},"end":{"line":49,"column":51}},"18":{"start":{"line":50,"column":6},"end":{"line":50,"column":18}},"19":{"start":{"line":53,"column":4},"end":{"line":53,"column":49}},"20":{"start":{"line":54,"column":4},"end":{"line":54,"column":16}},"21":{"start":{"line":64,"column":2},"end":{"line":66,"column":3}},"22":{"start":{"line":65,"column":4},"end":{"line":65,"column":16}},"23":{"start":{"line":68,"column":2},"end":{"line":169,"column":3}},"24":{"start":{"line":69,"column":4},"end":{"line":165,"column":5}},"25":{"start":{"line":70,"column":21},"end":{"line":90,"column":8}},"26":{"start":{"line":92,"column":6},"end":{"line":116,"column":10}},"27":{"start":{"line":92,"column":30},"end":{"line":116,"column":7}},"28":{"start":{"line":117,"column":11},"end":{"line":165,"column":5}},"29":{"start":{"line":118,"column":21},"end":{"line":138,"column":8}},"30":{"start":{"line":140,"column":6},"end":{"line":164,"column":10}},"31":{"start":{"line":140,"column":37},"end":{"line":164,"column":7}},"32":{"start":{"line":167,"column":4},"end":{"line":167,"column":50}},"33":{"start":{"line":168,"column":4},"end":{"line":168,"column":16}},"34":{"start":{"line":171,"column":2},"end":{"line":171,"column":14}},"35":{"start":{"line":178,"column":2},"end":{"line":184,"column":3}},"36":{"start":{"line":179,"column":17},"end":{"line":179,"column":58}},"37":{"start":{"line":180,"column":4},"end":{"line":180,"column":28}},"38":{"start":{"line":182,"column":4},"end":{"line":182,"column":50}},"39":{"start":{"line":183,"column":4},"end":{"line":183,"column":44}},"40":{"start":{"line":192,"column":11},"end":{"line":192,"column":15}},"41":{"start":{"line":193,"column":15},"end":{"line":193,"column":19}},"42":{"start":{"line":196,"column":2},"end":{"line":230,"column":3}},"43":{"start":{"line":197,"column":4},"end":{"line":197,"column":33}},"44":{"start":{"line":198,"column":4},"end":{"line":214,"column":5}},"45":{"start":{"line":199,"column":6},"end":{"line":199,"column":50}},"46":{"start":{"line":200,"column":6},"end":{"line":200,"column":43}},"47":{"start":{"line":202,"column":6},"end":{"line":213,"column":7}},"48":{"start":{"line":203,"column":8},"end":{"line":203,"column":62}},"49":{"start":{"line":206,"column":8},"end":{"line":210,"column":9}},"50":{"start":{"line":207,"column":10},"end":{"line":207,"column":36}},"51":{"start":{"line":208,"column":15},"end":{"line":210,"column":9}},"52":{"start":{"line":209,"column":10},"end":{"line":209,"column":36}},"53":{"start":{"line":212,"column":8},"end":{"line":212,"column":46}},"54":{"start":{"line":216,"column":4},"end":{"line":216,"column":74}},"55":{"start":{"line":219,"column":4},"end":{"line":229,"column":5}},"56":{"start":{"line":220,"column":6},"end":{"line":228,"column":7}},"57":{"start":{"line":221,"column":8},"end":{"line":225,"column":9}},"58":{"start":{"line":222,"column":10},"end":{"line":222,"column":36}},"59":{"start":{"line":223,"column":15},"end":{"line":225,"column":9}},"60":{"start":{"line":224,"column":10},"end":{"line":224,"column":36}},"61":{"start":{"line":233,"column":2},"end":{"line":241,"column":3}},"62":{"start":{"line":234,"column":4},"end":{"line":234,"column":52}},"63":{"start":{"line":235,"column":22},"end":{"line":235,"column":43}},"64":{"start":{"line":236,"column":4},"end":{"line":236,"column":72}},"65":{"start":{"line":237,"column":4},"end":{"line":237,"column":45}},"66":{"start":{"line":239,"column":4},"end":{"line":239,"column":57}},"67":{"start":{"line":240,"column":4},"end":{"line":240,"column":44}},"68":{"start":{"line":250,"column":15},"end":{"line":250,"column":37}},"69":{"start":{"line":251,"column":16},"end":{"line":251,"column":55}},"70":{"start":{"line":251,"column":38},"end":{"line":251,"column":54}},"71":{"start":{"line":253,"column":2},"end":{"line":256,"column":3}},"72":{"start":{"line":254,"column":4},"end":{"line":254,"column":47}},"73":{"start":{"line":255,"column":4},"end":{"line":255,"column":16}},"74":{"start":{"line":258,"column":2},"end":{"line":258,"column":15}},"75":{"start":{"line":266,"column":15},"end":{"line":266,"column":37}},"76":{"start":{"line":267,"column":2},"end":{"line":273,"column":6}},"77":{"start":{"line":267,"column":35},"end":{"line":273,"column":3}},"78":{"start":{"line":282,"column":16},"end":{"line":282,"column":43}},"79":{"start":{"line":284,"column":2},"end":{"line":286,"column":3}},"80":{"start":{"line":285,"column":4},"end":{"line":285,"column":16}},"81":{"start":{"line":288,"column":2},"end":{"line":292,"column":4}},"82":{"start":{"line":295,"column":0},"end":{"line":301,"column":2}}},"fnMap":{"0":{"name":"connectDatabase","decl":{"start":{"line":18,"column":15},"end":{"line":18,"column":30}},"loc":{"start":{"line":18,"column":33},"end":{"line":56,"column":1}},"line":18},"1":{"name":"fetchBrandsFromDB","decl":{"start":{"line":63,"column":15},"end":{"line":63,"column":32}},"loc":{"start":{"line":63,"column":37},"end":{"line":172,"column":1}},"line":63},"2":{"name":"(anonymous_2)","decl":{"start":{"line":92,"column":22},"end":{"line":92,"column":23}},"loc":{"start":{"line":92,"column":30},"end":{"line":116,"column":7}},"line":92},"3":{"name":"(anonymous_3)","decl":{"start":{"line":140,"column":29},"end":{"line":140,"column":30}},"loc":{"start":{"line":140,"column":37},"end":{"line":164,"column":7}},"line":140},"4":{"name":"loadBrandsFromLocal","decl":{"start":{"line":177,"column":9},"end":{"line":177,"column":28}},"loc":{"start":{"line":177,"column":31},"end":{"line":185,"column":1}},"line":177},"5":{"name":"loadBrandsData","decl":{"start":{"line":191,"column":15},"end":{"line":191,"column":29}},"loc":{"start":{"line":191,"column":32},"end":{"line":242,"column":1}},"line":191},"6":{"name":"getBrandById","decl":{"start":{"line":249,"column":15},"end":{"line":249,"column":27}},"loc":{"start":{"line":249,"column":37},"end":{"line":259,"column":1}},"line":249},"7":{"name":"(anonymous_7)","decl":{"start":{"line":251,"column":33},"end":{"line":251,"column":34}},"loc":{"start":{"line":251,"column":38},"end":{"line":251,"column":54}},"line":251},"8":{"name":"getAllBrands","decl":{"start":{"line":265,"column":15},"end":{"line":265,"column":27}},"loc":{"start":{"line":265,"column":30},"end":{"line":274,"column":1}},"line":265},"9":{"name":"(anonymous_9)","decl":{"start":{"line":267,"column":25},"end":{"line":267,"column":26}},"loc":{"start":{"line":267,"column":35},"end":{"line":273,"column":3}},"line":267},"10":{"name":"getBrandForEngine","decl":{"start":{"line":281,"column":15},"end":{"line":281,"column":32}},"loc":{"start":{"line":281,"column":42},"end":{"line":293,"column":1}},"line":281}},"branchMap":{"0":{"loc":{"start":{"line":19,"column":17},"end":{"line":19,"column":47}},"type":"binary-expr","locations":[{"start":{"line":19,"column":17},"end":{"line":19,"column":36}},{"start":{"line":19,"column":40},"end":{"line":19,"column":47}}],"line":19},"1":{"loc":{"start":{"line":20,"column":22},"end":{"line":20,"column":93}},"type":"binary-expr","locations":[{"start":{"line":20,"column":22},"end":{"line":20,"column":57}},{"start":{"line":20,"column":61},"end":{"line":20,"column":93}}],"line":20},"2":{"loc":{"start":{"line":23,"column":2},"end":{"line":25,"column":3}},"type":"if","locations":[{"start":{"line":23,"column":2},"end":{"line":25,"column":3}},{"start":{},"end":{}}],"line":23},"3":{"loc":{"start":{"line":28,"column":4},"end":{"line":51,"column":5}},"type":"if","locations":[{"start":{"line":28,"column":4},"end":{"line":51,"column":5}},{"start":{"line":38,"column":11},"end":{"line":51,"column":5}}],"line":28},"4":{"loc":{"start":{"line":31,"column":14},"end":{"line":31,"column":48}},"type":"binary-expr","locations":[{"start":{"line":31,"column":14},"end":{"line":31,"column":33}},{"start":{"line":31,"column":37},"end":{"line":31,"column":48}}],"line":31},"5":{"loc":{"start":{"line":32,"column":23},"end":{"line":32,"column":52}},"type":"binary-expr","locations":[{"start":{"line":32,"column":23},"end":{"line":32,"column":42}},{"start":{"line":32,"column":46},"end":{"line":32,"column":52}}],"line":32},"6":{"loc":{"start":{"line":33,"column":14},"end":{"line":33,"column":43}},"type":"binary-expr","locations":[{"start":{"line":33,"column":14},"end":{"line":33,"column":33}},{"start":{"line":33,"column":37},"end":{"line":33,"column":43}}],"line":33},"7":{"loc":{"start":{"line":34,"column":18},"end":{"line":34,"column":47}},"type":"binary-expr","locations":[{"start":{"line":34,"column":18},"end":{"line":34,"column":41}},{"start":{"line":34,"column":45},"end":{"line":34,"column":47}}],"line":34},"8":{"loc":{"start":{"line":35,"column":18},"end":{"line":35,"column":53}},"type":"binary-expr","locations":[{"start":{"line":35,"column":18},"end":{"line":35,"column":37}},{"start":{"line":35,"column":41},"end":{"line":35,"column":53}}],"line":35},"9":{"loc":{"start":{"line":38,"column":11},"end":{"line":51,"column":5}},"type":"if","locations":[{"start":{"line":38,"column":11},"end":{"line":51,"column":5}},{"start":{"line":48,"column":11},"end":{"line":51,"column":5}}],"line":38},"10":{"loc":{"start":{"line":38,"column":15},"end":{"line":38,"column":63}},"type":"binary-expr","locations":[{"start":{"line":38,"column":15},"end":{"line":38,"column":38}},{"start":{"line":38,"column":42},"end":{"line":38,"column":63}}],"line":38},"11":{"loc":{"start":{"line":41,"column":14},"end":{"line":41,"column":48}},"type":"binary-expr","locations":[{"start":{"line":41,"column":14},"end":{"line":41,"column":33}},{"start":{"line":41,"column":37},"end":{"line":41,"column":48}}],"line":41},"12":{"loc":{"start":{"line":42,"column":23},"end":{"line":42,"column":52}},"type":"binary-expr","locations":[{"start":{"line":42,"column":23},"end":{"line":42,"column":42}},{"start":{"line":42,"column":46},"end":{"line":42,"column":52}}],"line":42},"13":{"loc":{"start":{"line":43,"column":14},"end":{"line":43,"column":47}},"type":"binary-expr","locations":[{"start":{"line":43,"column":14},"end":{"line":43,"column":33}},{"start":{"line":43,"column":37},"end":{"line":43,"column":47}}],"line":43},"14":{"loc":{"start":{"line":44,"column":18},"end":{"line":44,"column":47}},"type":"binary-expr","locations":[{"start":{"line":44,"column":18},"end":{"line":44,"column":41}},{"start":{"line":44,"column":45},"end":{"line":44,"column":47}}],"line":44},"15":{"loc":{"start":{"line":45,"column":18},"end":{"line":45,"column":53}},"type":"binary-expr","locations":[{"start":{"line":45,"column":18},"end":{"line":45,"column":37}},{"start":{"line":45,"column":41},"end":{"line":45,"column":53}}],"line":45},"16":{"loc":{"start":{"line":64,"column":2},"end":{"line":66,"column":3}},"type":"if","locations":[{"start":{"line":64,"column":2},"end":{"line":66,"column":3}},{"start":{},"end":{}}],"line":64},"17":{"loc":{"start":{"line":69,"column":4},"end":{"line":165,"column":5}},"type":"if","locations":[{"start":{"line":69,"column":4},"end":{"line":165,"column":5}},{"start":{"line":117,"column":11},"end":{"line":165,"column":5}}],"line":69},"18":{"loc":{"start":{"line":100,"column":25},"end":{"line":100,"column":50}},"type":"binary-expr","locations":[{"start":{"line":100,"column":25},"end":{"line":100,"column":42}},{"start":{"line":100,"column":46},"end":{"line":100,"column":50}}],"line":100},"19":{"loc":{"start":{"line":104,"column":34},"end":{"line":104,"column":67}},"type":"binary-expr","locations":[{"start":{"line":104,"column":34},"end":{"line":104,"column":60}},{"start":{"line":104,"column":64},"end":{"line":104,"column":67}}],"line":104},"20":{"loc":{"start":{"line":109,"column":15},"end":{"line":109,"column":67}},"type":"binary-expr","locations":[{"start":{"line":109,"column":15},"end":{"line":109,"column":39}},{"start":{"line":109,"column":43},"end":{"line":109,"column":67}}],"line":109},"21":{"loc":{"start":{"line":113,"column":18},"end":{"line":113,"column":42}},"type":"binary-expr","locations":[{"start":{"line":113,"column":18},"end":{"line":113,"column":28}},{"start":{"line":113,"column":32},"end":{"line":113,"column":42}}],"line":113},"22":{"loc":{"start":{"line":117,"column":11},"end":{"line":165,"column":5}},"type":"if","locations":[{"start":{"line":117,"column":11},"end":{"line":165,"column":5}},{"start":{},"end":{}}],"line":117},"23":{"loc":{"start":{"line":148,"column":25},"end":{"line":148,"column":50}},"type":"binary-expr","locations":[{"start":{"line":148,"column":25},"end":{"line":148,"column":42}},{"start":{"line":148,"column":46},"end":{"line":148,"column":50}}],"line":148},"24":{"loc":{"start":{"line":152,"column":34},"end":{"line":152,"column":67}},"type":"binary-expr","locations":[{"start":{"line":152,"column":34},"end":{"line":152,"column":60}},{"start":{"line":152,"column":64},"end":{"line":152,"column":67}}],"line":152},"25":{"loc":{"start":{"line":157,"column":15},"end":{"line":157,"column":67}},"type":"binary-expr","locations":[{"start":{"line":157,"column":15},"end":{"line":157,"column":39}},{"start":{"line":157,"column":43},"end":{"line":157,"column":67}}],"line":157},"26":{"loc":{"start":{"line":161,"column":18},"end":{"line":161,"column":42}},"type":"binary-expr","locations":[{"start":{"line":161,"column":18},"end":{"line":161,"column":28}},{"start":{"line":161,"column":32},"end":{"line":161,"column":42}}],"line":161},"27":{"loc":{"start":{"line":198,"column":4},"end":{"line":214,"column":5}},"type":"if","locations":[{"start":{"line":198,"column":4},"end":{"line":214,"column":5}},{"start":{},"end":{}}],"line":198},"28":{"loc":{"start":{"line":202,"column":6},"end":{"line":213,"column":7}},"type":"if","locations":[{"start":{"line":202,"column":6},"end":{"line":213,"column":7}},{"start":{},"end":{}}],"line":202},"29":{"loc":{"start":{"line":202,"column":10},"end":{"line":202,"column":37}},"type":"binary-expr","locations":[{"start":{"line":202,"column":10},"end":{"line":202,"column":16}},{"start":{"line":202,"column":20},"end":{"line":202,"column":37}}],"line":202},"30":{"loc":{"start":{"line":206,"column":8},"end":{"line":210,"column":9}},"type":"if","locations":[{"start":{"line":206,"column":8},"end":{"line":210,"column":9}},{"start":{"line":208,"column":15},"end":{"line":210,"column":9}}],"line":206},"31":{"loc":{"start":{"line":208,"column":15},"end":{"line":210,"column":9}},"type":"if","locations":[{"start":{"line":208,"column":15},"end":{"line":210,"column":9}},{"start":{},"end":{}}],"line":208},"32":{"loc":{"start":{"line":219,"column":4},"end":{"line":229,"column":5}},"type":"if","locations":[{"start":{"line":219,"column":4},"end":{"line":229,"column":5}},{"start":{},"end":{}}],"line":219},"33":{"loc":{"start":{"line":221,"column":8},"end":{"line":225,"column":9}},"type":"if","locations":[{"start":{"line":221,"column":8},"end":{"line":225,"column":9}},{"start":{"line":223,"column":15},"end":{"line":225,"column":9}}],"line":221},"34":{"loc":{"start":{"line":223,"column":15},"end":{"line":225,"column":9}},"type":"if","locations":[{"start":{"line":223,"column":15},"end":{"line":225,"column":9}},{"start":{},"end":{}}],"line":223},"35":{"loc":{"start":{"line":253,"column":2},"end":{"line":256,"column":3}},"type":"if","locations":[{"start":{"line":253,"column":2},"end":{"line":256,"column":3}},{"start":{},"end":{}}],"line":253},"36":{"loc":{"start":{"line":284,"column":2},"end":{"line":286,"column":3}},"type":"if","locations":[{"start":{"line":284,"column":2},"end":{"line":286,"column":3}},{"start":{},"end":{}}],"line":284}},"s":{"0":0,"1":0,"2":0,"3":0,"4":0,"5":0,"6":0,"7":0,"8":0,"9":0,"10":0,"11":0,"12":0,"13":0,"14":0,"15":0,"16":0,"17":0,"18":0,"19":0,"20":0,"21":0,"22":0,"23":0,"24":0,"25":0,"26":0,"27":0,"28":0,"29":0,"30":0,"31":0,"32":0,"33":0,"34":0,"35":0,"36":0,"37":0,"38":0,"39":0,"40":0,"41":0,"42":0,"43":0,"44":0,"45":0,"46":0,"47":0,"48":0,"49":0,"50":0,"51":0,"52":0,"53":0,"54":0,"55":0,"56":0,"57":0,"58":0,"59":0,"60":0,"61":0,"62":0,"63":0,"64":0,"65":0,"66":0,"67":0,"68":0,"69":0,"70":0,"71":0,"72":0,"73":0,"74":0,"75":0,"76":0,"77":0,"78":0,"79":0,"80":0,"81":0,"82":0},"f":{"0":0,"1":0,"2":0,"3":0,"4":0,"5":0,"6":0,"7":0,"8":0,"9":0,"10":0},"b":{"0":[0,0],"1":[0,0],"2":[0,0],"3":[0,0],"4":[0,0],"5":[0,0],"6":[0,0],"7":[0,0],"8":[0,0],"9":[0,0],"10":[0,0],"11":[0,0],"12":[0,0],"13":[0,0],"14":[0,0],"15":[0,0],"16":[0,0],"17":[0,0],"18":[0,0],"19":[0,0],"20":[0,0],"21":[0,0],"22":[0,0],"23":[0,0],"24":[0,0],"25":[0,0],"26":[0,0],"27":[0,0],"28":[0,0],"29":[0,0],"30":[0,0],"31":[0,0],"32":[0,0],"33":[0,0],"34":[0,0],"35":[0,0],"36":[0,0]}}
,"C:\\ai_fast_builderthon\\start_smart\\engine\\decision\\index.js": {"path":"C:\\ai_fast_builderthon\\start_smart\\engine\\decision\\index.js","statementMap":{"0":{"start":{"line":8,"column":89},"end":{"line":8,"column":108}},"1":{"start":{"line":9,"column":43},"end":{"line":9,"column":67}},"2":{"start":{"line":10,"column":41},"end":{"line":10,"column":63}},"3":{"start":{"line":31,"column":6},"end":{"line":31,"column":11}},"4":{"start":{"line":34,"column":22},"end":{"line":34,"column":63}},"5":{"start":{"line":37,"column":17},"end":{"line":37,"column":60}},"6":{"start":{"line":40,"column":25},"end":{"line":40,"column":74}},"7":{"start":{"line":41,"column":25},"end":{"line":41,"column":72}},"8":{"start":{"line":42,"column":32},"end":{"line":42,"column":74}},"9":{"start":{"line":45,"column":20},"end":{"line":45,"column":82}},"10":{"start":{"line":48,"column":20},"end":{"line":48,"column":100}},"11":{"start":{"line":52,"column":28},"end":{"line":55,"column":3}},"12":{"start":{"line":53,"column":29},"end":{"line":53,"column":57}},"13":{"start":{"line":58,"column":31},"end":{"line":58,"column":33}},"14":{"start":{"line":59,"column":2},"end":{"line":68,"column":3}},"15":{"start":{"line":60,"column":4},"end":{"line":67,"column":6}},"16":{"start":{"line":70,"column":17},"end":{"line":80,"column":3}},"17":{"start":{"line":83,"column":2},"end":{"line":85,"column":3}},"18":{"start":{"line":84,"column":4},"end":{"line":84,"column":48}},"19":{"start":{"line":87,"column":2},"end":{"line":87,"column":16}},"20":{"start":{"line":95,"column":2},"end":{"line":104,"column":3}},"21":{"start":{"line":99,"column":4},"end":{"line":99,"column":18}},"22":{"start":{"line":100,"column":9},"end":{"line":104,"column":3}},"23":{"start":{"line":101,"column":4},"end":{"line":101,"column":20}},"24":{"start":{"line":103,"column":4},"end":{"line":103,"column":17}},"25":{"start":{"line":107,"column":0},"end":{"line":109,"column":2}}},"fnMap":{"0":{"name":"calculate","decl":{"start":{"line":23,"column":9},"end":{"line":23,"column":18}},"loc":{"start":{"line":23,"column":26},"end":{"line":88,"column":1}},"line":23},"1":{"name":"(anonymous_1)","decl":{"start":{"line":53,"column":21},"end":{"line":53,"column":22}},"loc":{"start":{"line":53,"column":29},"end":{"line":53,"column":57}},"line":53},"2":{"name":"determineRiskLevel","decl":{"start":{"line":93,"column":9},"end":{"line":93,"column":27}},"loc":{"start":{"line":93,"column":60},"end":{"line":105,"column":1}},"line":93}},"branchMap":{"0":{"loc":{"start":{"line":41,"column":25},"end":{"line":41,"column":72}},"type":"binary-expr","locations":[{"start":{"line":41,"column":25},"end":{"line":41,"column":54}},{"start":{"line":41,"column":58},"end":{"line":41,"column":72}}],"line":41},"1":{"loc":{"start":{"line":42,"column":32},"end":{"line":42,"column":74}},"type":"binary-expr","locations":[{"start":{"line":42,"column":32},"end":{"line":42,"column":68}},{"start":{"line":42,"column":72},"end":{"line":42,"column":74}}],"line":42},"2":{"loc":{"start":{"line":53,"column":29},"end":{"line":53,"column":57}},"type":"binary-expr","locations":[{"start":{"line":53,"column":29},"end":{"line":53,"column":43}},{"start":{"line":53,"column":47},"end":{"line":53,"column":57}}],"line":53},"3":{"loc":{"start":{"line":59,"column":2},"end":{"line":68,"column":3}},"type":"if","locations":[{"start":{"line":59,"column":2},"end":{"line":68,"column":3}},{"start":{},"end":{}}],"line":59},"4":{"loc":{"start":{"line":59,"column":6},"end":{"line":59,"column":45}},"type":"binary-expr","locations":[{"start":{"line":59,"column":6},"end":{"line":59,"column":16}},{"start":{"line":59,"column":20},"end":{"line":59,"column":25}},{"start":{"line":59,"column":29},"end":{"line":59,"column":45}}],"line":59},"5":{"loc":{"start":{"line":83,"column":2},"end":{"line":85,"column":3}},"type":"if","locations":[{"start":{"line":83,"column":2},"end":{"line":85,"column":3}},{"start":{},"end":{}}],"line":83},"6":{"loc":{"start":{"line":95,"column":2},"end":{"line":104,"column":3}},"type":"if","locations":[{"start":{"line":95,"column":2},"end":{"line":104,"column":3}},{"start":{"line":100,"column":9},"end":{"line":104,"column":3}}],"line":95},"7":{"loc":{"start":{"line":95,"column":6},"end":{"line":98,"column":32}},"type":"binary-expr","locations":[{"start":{"line":95,"column":6},"end":{"line":95,"column":16}},{"start":{"line":96,"column":6},"end":{"line":96,"column":36}},{"start":{"line":97,"column":7},"end":{"line":97,"column":38}},{"start":{"line":97,"column":42},"end":{"line":97,"column":69}},{"start":{"line":98,"column":6},"end":{"line":98,"column":32}}],"line":95},"8":{"loc":{"start":{"line":100,"column":9},"end":{"line":104,"column":3}},"type":"if","locations":[{"start":{"line":100,"column":9},"end":{"line":104,"column":3}},{"start":{"line":102,"column":9},"end":{"line":104,"column":3}}],"line":100},"9":{"loc":{"start":{"line":100,"column":13},"end":{"line":100,"column":46}},"type":"binary-expr","locations":[{"start":{"line":100,"column":13},"end":{"line":100,"column":23}},{"start":{"line":100,"column":27},"end":{"line":100,"column":46}}],"line":100}},"s":{"0":0,"1":0,"2":0,"3":0,"4":0,"5":0,"6":0,"7":0,"8":0,"9":0,"10":0,"11":0,"12":0,"13":0,"14":0,"15":0,"16":0,"17":0,"18":0,"19":0,"20":0,"21":0,"22":0,"23":0,"24":0,"25":0},"f":{"0":0,"1":0,"2":0},"b":{"0":[0,0],"1":[0,0],"2":[0,0],"3":[0,0],"4":[0,0,0],"5":[0,0],"6":[0,0],"7":[0,0,0,0,0],"8":[0,0],"9":[0,0]}}
,"C:\\ai_fast_builderthon\\start_smart\\engine\\decision\\scorer.js": {"path":"C:\\ai_fast_builderthon\\start_smart\\engine\\decision\\scorer.js","statementMap":{"0":{"start":{"line":18,"column":14},"end":{"line":18,"column":17}},"1":{"start":{"line":25,"column":21},"end":{"line":25,"column":24}},"2":{"start":{"line":26,"column":27},"end":{"line":26,"column":30}},"3":{"start":{"line":27,"column":17},"end":{"line":27,"column":20}},"4":{"start":{"line":28,"column":25},"end":{"line":28,"column":28}},"5":{"start":{"line":29,"column":23},"end":{"line":29,"column":26}},"6":{"start":{"line":30,"column":18},"end":{"line":30,"column":21}},"7":{"start":{"line":32,"column":2},"end":{"line":47,"column":3}},"8":{"start":{"line":33,"column":4},"end":{"line":43,"column":5}},"9":{"start":{"line":34,"column":6},"end":{"line":34,"column":24}},"10":{"start":{"line":35,"column":6},"end":{"line":35,"column":18}},"11":{"start":{"line":36,"column":11},"end":{"line":43,"column":5}},"12":{"start":{"line":37,"column":6},"end":{"line":37,"column":24}},"13":{"start":{"line":38,"column":6},"end":{"line":38,"column":18}},"14":{"start":{"line":39,"column":11},"end":{"line":43,"column":5}},"15":{"start":{"line":40,"column":6},"end":{"line":40,"column":25}},"16":{"start":{"line":42,"column":6},"end":{"line":42,"column":24}},"17":{"start":{"line":45,"column":4},"end":{"line":45,"column":21}},"18":{"start":{"line":46,"column":4},"end":{"line":46,"column":16}},"19":{"start":{"line":50,"column":2},"end":{"line":58,"column":3}},"20":{"start":{"line":51,"column":4},"end":{"line":51,"column":27}},"21":{"start":{"line":52,"column":4},"end":{"line":52,"column":16}},"22":{"start":{"line":53,"column":9},"end":{"line":58,"column":3}},"23":{"start":{"line":54,"column":4},"end":{"line":54,"column":28}},"24":{"start":{"line":55,"column":4},"end":{"line":55,"column":16}},"25":{"start":{"line":57,"column":4},"end":{"line":57,"column":29}},"26":{"start":{"line":62,"column":27},"end":{"line":62,"column":111}},"27":{"start":{"line":63,"column":14},"end":{"line":63,"column":51}},"28":{"start":{"line":65,"column":2},"end":{"line":76,"column":3}},"29":{"start":{"line":66,"column":4},"end":{"line":66,"column":18}},"30":{"start":{"line":67,"column":4},"end":{"line":67,"column":16}},"31":{"start":{"line":68,"column":9},"end":{"line":76,"column":3}},"32":{"start":{"line":69,"column":4},"end":{"line":69,"column":18}},"33":{"start":{"line":70,"column":4},"end":{"line":70,"column":16}},"34":{"start":{"line":71,"column":9},"end":{"line":76,"column":3}},"35":{"start":{"line":72,"column":4},"end":{"line":72,"column":18}},"36":{"start":{"line":73,"column":4},"end":{"line":73,"column":15}},"37":{"start":{"line":75,"column":4},"end":{"line":75,"column":19}},"38":{"start":{"line":81,"column":24},"end":{"line":81,"column":92}},"39":{"start":{"line":82,"column":2},"end":{"line":88,"column":3}},"40":{"start":{"line":83,"column":4},"end":{"line":83,"column":26}},"41":{"start":{"line":84,"column":9},"end":{"line":88,"column":3}},"42":{"start":{"line":85,"column":4},"end":{"line":85,"column":26}},"43":{"start":{"line":87,"column":4},"end":{"line":87,"column":27}},"44":{"start":{"line":91,"column":25},"end":{"line":91,"column":106}},"45":{"start":{"line":92,"column":2},"end":{"line":100,"column":3}},"46":{"start":{"line":93,"column":4},"end":{"line":93,"column":24}},"47":{"start":{"line":94,"column":4},"end":{"line":94,"column":16}},"48":{"start":{"line":95,"column":9},"end":{"line":100,"column":3}},"49":{"start":{"line":96,"column":4},"end":{"line":96,"column":24}},"50":{"start":{"line":97,"column":4},"end":{"line":97,"column":15}},"51":{"start":{"line":99,"column":4},"end":{"line":99,"column":25}},"52":{"start":{"line":103,"column":15},"end":{"line":103,"column":33}},"53":{"start":{"line":104,"column":2},"end":{"line":114,"column":3}},"54":{"start":{"line":105,"column":4},"end":{"line":113,"column":5}},"55":{"start":{"line":106,"column":6},"end":{"line":106,"column":20}},"56":{"start":{"line":107,"column":11},"end":{"line":113,"column":5}},"57":{"start":{"line":108,"column":6},"end":{"line":108,"column":21}},"58":{"start":{"line":109,"column":11},"end":{"line":113,"column":5}},"59":{"start":{"line":110,"column":6},"end":{"line":110,"column":21}},"60":{"start":{"line":112,"column":6},"end":{"line":112,"column":22}},"61":{"start":{"line":117,"column":22},"end":{"line":117,"column":49}},"62":{"start":{"line":118,"column":2},"end":{"line":121,"column":3}},"63":{"start":{"line":119,"column":4},"end":{"line":120,"column":44}},"64":{"start":{"line":119,"column":27},"end":{"line":119,"column":39}},"65":{"start":{"line":120,"column":9},"end":{"line":120,"column":44}},"66":{"start":{"line":120,"column":32},"end":{"line":120,"column":44}},"67":{"start":{"line":124,"column":18},"end":{"line":124,"column":58}},"68":{"start":{"line":125,"column":2},"end":{"line":127,"column":39}},"69":{"start":{"line":125,"column":23},"end":{"line":125,"column":35}},"70":{"start":{"line":126,"column":7},"end":{"line":127,"column":39}},"71":{"start":{"line":126,"column":28},"end":{"line":126,"column":40}},"72":{"start":{"line":127,"column":7},"end":{"line":127,"column":39}},"73":{"start":{"line":127,"column":28},"end":{"line":127,"column":39}},"74":{"start":{"line":130,"column":22},"end":{"line":130,"column":47}},"75":{"start":{"line":133,"column":24},"end":{"line":133,"column":49}},"76":{"start":{"line":140,"column":2},"end":{"line":140,"column":42}},"77":{"start":{"line":143,"column":2},"end":{"line":143,"column":39}},"78":{"start":{"line":145,"column":21},"end":{"line":145,"column":66}},"79":{"start":{"line":148,"column":29},"end":{"line":148,"column":45}},"80":{"start":{"line":150,"column":2},"end":{"line":163,"column":4}},"81":{"start":{"line":177,"column":16},"end":{"line":177,"column":43}},"82":{"start":{"line":178,"column":2},"end":{"line":178,"column":50}},"83":{"start":{"line":178,"column":37},"end":{"line":178,"column":50}},"84":{"start":{"line":181,"column":19},"end":{"line":181,"column":59}},"85":{"start":{"line":182,"column":2},"end":{"line":182,"column":37}},"86":{"start":{"line":182,"column":24},"end":{"line":182,"column":37}},"87":{"start":{"line":184,"column":2},"end":{"line":190,"column":3}},"88":{"start":{"line":189,"column":4},"end":{"line":189,"column":17}},"89":{"start":{"line":193,"column":14},"end":{"line":193,"column":51}},"90":{"start":{"line":194,"column":24},"end":{"line":194,"column":92}},"91":{"start":{"line":195,"column":25},"end":{"line":195,"column":106}},"92":{"start":{"line":198,"column":2},"end":{"line":202,"column":3}},"93":{"start":{"line":201,"column":4},"end":{"line":201,"column":20}},"94":{"start":{"line":204,"column":2},"end":{"line":211,"column":3}},"95":{"start":{"line":210,"column":4},"end":{"line":210,"column":20}},"96":{"start":{"line":214,"column":2},"end":{"line":214,"column":34}},"97":{"start":{"line":214,"column":19},"end":{"line":214,"column":34}},"98":{"start":{"line":215,"column":2},"end":{"line":215,"column":35}},"99":{"start":{"line":215,"column":19},"end":{"line":215,"column":35}},"100":{"start":{"line":216,"column":2},"end":{"line":216,"column":15}},"101":{"start":{"line":236,"column":21},"end":{"line":236,"column":23}},"102":{"start":{"line":237,"column":23},"end":{"line":237,"column":33}},"103":{"start":{"line":240,"column":2},"end":{"line":248,"column":3}},"104":{"start":{"line":241,"column":4},"end":{"line":245,"column":5}},"105":{"start":{"line":242,"column":6},"end":{"line":242,"column":59}},"106":{"start":{"line":243,"column":11},"end":{"line":245,"column":5}},"107":{"start":{"line":244,"column":6},"end":{"line":244,"column":59}},"108":{"start":{"line":247,"column":4},"end":{"line":247,"column":25}},"109":{"start":{"line":251,"column":24},"end":{"line":251,"column":92}},"110":{"start":{"line":252,"column":2},"end":{"line":256,"column":3}},"111":{"start":{"line":253,"column":4},"end":{"line":253,"column":25}},"112":{"start":{"line":254,"column":9},"end":{"line":256,"column":3}},"113":{"start":{"line":255,"column":4},"end":{"line":255,"column":24}},"114":{"start":{"line":259,"column":25},"end":{"line":259,"column":106}},"115":{"start":{"line":260,"column":2},"end":{"line":264,"column":3}},"116":{"start":{"line":261,"column":4},"end":{"line":261,"column":25}},"117":{"start":{"line":262,"column":9},"end":{"line":264,"column":3}},"118":{"start":{"line":263,"column":4},"end":{"line":263,"column":24}},"119":{"start":{"line":267,"column":23},"end":{"line":267,"column":69}},"120":{"start":{"line":268,"column":2},"end":{"line":272,"column":3}},"121":{"start":{"line":269,"column":4},"end":{"line":269,"column":24}},"122":{"start":{"line":270,"column":9},"end":{"line":272,"column":3}},"123":{"start":{"line":271,"column":4},"end":{"line":271,"column":24}},"124":{"start":{"line":275,"column":22},"end":{"line":275,"column":47}},"125":{"start":{"line":276,"column":2},"end":{"line":278,"column":3}},"126":{"start":{"line":277,"column":4},"end":{"line":277,"column":24}},"127":{"start":{"line":280,"column":20},"end":{"line":280,"column":45}},"128":{"start":{"line":281,"column":2},"end":{"line":283,"column":3}},"129":{"start":{"line":282,"column":4},"end":{"line":282,"column":24}},"130":{"start":{"line":286,"column":2},"end":{"line":288,"column":3}},"131":{"start":{"line":287,"column":4},"end":{"line":287,"column":24}},"132":{"start":{"line":291,"column":15},"end":{"line":291,"column":33}},"133":{"start":{"line":292,"column":2},"end":{"line":300,"column":3}},"134":{"start":{"line":293,"column":4},"end":{"line":299,"column":5}},"135":{"start":{"line":294,"column":6},"end":{"line":294,"column":27}},"136":{"start":{"line":295,"column":11},"end":{"line":299,"column":5}},"137":{"start":{"line":296,"column":6},"end":{"line":296,"column":26}},"138":{"start":{"line":297,"column":11},"end":{"line":299,"column":5}},"139":{"start":{"line":298,"column":6},"end":{"line":298,"column":26}},"140":{"start":{"line":302,"column":30},"end":{"line":302,"column":70}},"141":{"start":{"line":305,"column":32},"end":{"line":305,"column":34}},"142":{"start":{"line":306,"column":2},"end":{"line":312,"column":3}},"143":{"start":{"line":307,"column":4},"end":{"line":307,"column":63}},"144":{"start":{"line":308,"column":9},"end":{"line":312,"column":3}},"145":{"start":{"line":309,"column":4},"end":{"line":309,"column":60}},"146":{"start":{"line":310,"column":9},"end":{"line":312,"column":3}},"147":{"start":{"line":311,"column":4},"end":{"line":311,"column":64}},"148":{"start":{"line":315,"column":28},"end":{"line":315,"column":30}},"149":{"start":{"line":316,"column":2},"end":{"line":343,"column":3}},"150":{"start":{"line":317,"column":4},"end":{"line":324,"column":7}},"151":{"start":{"line":325,"column":9},"end":{"line":343,"column":3}},"152":{"start":{"line":326,"column":4},"end":{"line":333,"column":7}},"153":{"start":{"line":334,"column":9},"end":{"line":343,"column":3}},"154":{"start":{"line":335,"column":4},"end":{"line":342,"column":7}},"155":{"start":{"line":345,"column":2},"end":{"line":349,"column":4}},"156":{"start":{"line":363,"column":22},"end":{"line":363,"column":24}},"157":{"start":{"line":366,"column":20},"end":{"line":366,"column":70}},"158":{"start":{"line":367,"column":2},"end":{"line":379,"column":3}},"159":{"start":{"line":368,"column":4},"end":{"line":378,"column":7}},"160":{"start":{"line":382,"column":2},"end":{"line":393,"column":3}},"161":{"start":{"line":383,"column":4},"end":{"line":392,"column":7}},"162":{"start":{"line":396,"column":2},"end":{"line":406,"column":3}},"163":{"start":{"line":397,"column":4},"end":{"line":405,"column":7}},"164":{"start":{"line":409,"column":2},"end":{"line":422,"column":3}},"165":{"start":{"line":410,"column":19},"end":{"line":410,"column":68}},"166":{"start":{"line":411,"column":4},"end":{"line":421,"column":7}},"167":{"start":{"line":425,"column":23},"end":{"line":425,"column":69}},"168":{"start":{"line":426,"column":2},"end":{"line":437,"column":3}},"169":{"start":{"line":427,"column":4},"end":{"line":436,"column":7}},"170":{"start":{"line":440,"column":15},"end":{"line":440,"column":33}},"171":{"start":{"line":441,"column":2},"end":{"line":467,"column":3}},"172":{"start":{"line":442,"column":4},"end":{"line":466,"column":5}},"173":{"start":{"line":443,"column":6},"end":{"line":453,"column":9}},"174":{"start":{"line":454,"column":11},"end":{"line":466,"column":5}},"175":{"start":{"line":455,"column":6},"end":{"line":465,"column":9}},"176":{"start":{"line":470,"column":2},"end":{"line":482,"column":3}},"177":{"start":{"line":471,"column":4},"end":{"line":481,"column":7}},"178":{"start":{"line":485,"column":19},"end":{"line":485,"column":59}},"179":{"start":{"line":486,"column":2},"end":{"line":495,"column":3}},"180":{"start":{"line":487,"column":4},"end":{"line":494,"column":7}},"181":{"start":{"line":498,"column":2},"end":{"line":527,"column":3}},"182":{"start":{"line":499,"column":4},"end":{"line":526,"column":5}},"183":{"start":{"line":500,"column":6},"end":{"line":507,"column":9}},"184":{"start":{"line":508,"column":11},"end":{"line":526,"column":5}},"185":{"start":{"line":509,"column":6},"end":{"line":516,"column":9}},"186":{"start":{"line":517,"column":11},"end":{"line":526,"column":5}},"187":{"start":{"line":518,"column":6},"end":{"line":525,"column":9}},"188":{"start":{"line":529,"column":2},"end":{"line":529,"column":21}},"189":{"start":{"line":532,"column":0},"end":{"line":537,"column":2}}},"fnMap":{"0":{"name":"calculateScore","decl":{"start":{"line":17,"column":9},"end":{"line":17,"column":23}},"loc":{"start":{"line":17,"column":51},"end":{"line":164,"column":1}},"line":17},"1":{"name":"determineSignal","decl":{"start":{"line":172,"column":9},"end":{"line":172,"column":24}},"loc":{"start":{"line":172,"column":41},"end":{"line":217,"column":1}},"line":172},"2":{"name":"estimateSurvivalMonths","decl":{"start":{"line":234,"column":9},"end":{"line":234,"column":31}},"loc":{"start":{"line":234,"column":59},"end":{"line":350,"column":1}},"line":234},"3":{"name":"generateRiskFactors","decl":{"start":{"line":362,"column":9},"end":{"line":362,"column":28}},"loc":{"start":{"line":362,"column":90},"end":{"line":530,"column":1}},"line":362}},"branchMap":{"0":{"loc":{"start":{"line":32,"column":2},"end":{"line":47,"column":3}},"type":"if","locations":[{"start":{"line":32,"column":2},"end":{"line":47,"column":3}},{"start":{"line":44,"column":9},"end":{"line":47,"column":3}}],"line":32},"1":{"loc":{"start":{"line":32,"column":6},"end":{"line":32,"column":71}},"type":"binary-expr","locations":[{"start":{"line":32,"column":6},"end":{"line":32,"column":36}},{"start":{"line":32,"column":40},"end":{"line":32,"column":71}}],"line":32},"2":{"loc":{"start":{"line":33,"column":4},"end":{"line":43,"column":5}},"type":"if","locations":[{"start":{"line":33,"column":4},"end":{"line":43,"column":5}},{"start":{"line":36,"column":11},"end":{"line":43,"column":5}}],"line":33},"3":{"loc":{"start":{"line":36,"column":11},"end":{"line":43,"column":5}},"type":"if","locations":[{"start":{"line":36,"column":11},"end":{"line":43,"column":5}},{"start":{"line":39,"column":11},"end":{"line":43,"column":5}}],"line":36},"4":{"loc":{"start":{"line":39,"column":11},"end":{"line":43,"column":5}},"type":"if","locations":[{"start":{"line":39,"column":11},"end":{"line":43,"column":5}},{"start":{"line":41,"column":11},"end":{"line":43,"column":5}}],"line":39},"5":{"loc":{"start":{"line":50,"column":2},"end":{"line":58,"column":3}},"type":"if","locations":[{"start":{"line":50,"column":2},"end":{"line":58,"column":3}},{"start":{"line":53,"column":9},"end":{"line":58,"column":3}}],"line":50},"6":{"loc":{"start":{"line":53,"column":9},"end":{"line":58,"column":3}},"type":"if","locations":[{"start":{"line":53,"column":9},"end":{"line":58,"column":3}},{"start":{"line":56,"column":9},"end":{"line":58,"column":3}}],"line":53},"7":{"loc":{"start":{"line":62,"column":27},"end":{"line":62,"column":111}},"type":"binary-expr","locations":[{"start":{"line":62,"column":27},"end":{"line":62,"column":71}},{"start":{"line":62,"column":75},"end":{"line":62,"column":111}}],"line":62},"8":{"loc":{"start":{"line":63,"column":14},"end":{"line":63,"column":51}},"type":"binary-expr","locations":[{"start":{"line":63,"column":14},"end":{"line":63,"column":46}},{"start":{"line":63,"column":50},"end":{"line":63,"column":51}}],"line":63},"9":{"loc":{"start":{"line":65,"column":2},"end":{"line":76,"column":3}},"type":"if","locations":[{"start":{"line":65,"column":2},"end":{"line":76,"column":3}},{"start":{"line":68,"column":9},"end":{"line":76,"column":3}}],"line":65},"10":{"loc":{"start":{"line":68,"column":9},"end":{"line":76,"column":3}},"type":"if","locations":[{"start":{"line":68,"column":9},"end":{"line":76,"column":3}},{"start":{"line":71,"column":9},"end":{"line":76,"column":3}}],"line":68},"11":{"loc":{"start":{"line":71,"column":9},"end":{"line":76,"column":3}},"type":"if","locations":[{"start":{"line":71,"column":9},"end":{"line":76,"column":3}},{"start":{"line":74,"column":9},"end":{"line":76,"column":3}}],"line":71},"12":{"loc":{"start":{"line":81,"column":24},"end":{"line":81,"column":92}},"type":"binary-expr","locations":[{"start":{"line":81,"column":24},"end":{"line":81,"column":67}},{"start":{"line":81,"column":71},"end":{"line":81,"column":92}}],"line":81},"13":{"loc":{"start":{"line":82,"column":2},"end":{"line":88,"column":3}},"type":"if","locations":[{"start":{"line":82,"column":2},"end":{"line":88,"column":3}},{"start":{"line":84,"column":9},"end":{"line":88,"column":3}}],"line":82},"14":{"loc":{"start":{"line":84,"column":9},"end":{"line":88,"column":3}},"type":"if","locations":[{"start":{"line":84,"column":9},"end":{"line":88,"column":3}},{"start":{"line":86,"column":9},"end":{"line":88,"column":3}}],"line":84},"15":{"loc":{"start":{"line":92,"column":2},"end":{"line":100,"column":3}},"type":"if","locations":[{"start":{"line":92,"column":2},"end":{"line":100,"column":3}},{"start":{"line":95,"column":9},"end":{"line":100,"column":3}}],"line":92},"16":{"loc":{"start":{"line":95,"column":9},"end":{"line":100,"column":3}},"type":"if","locations":[{"start":{"line":95,"column":9},"end":{"line":100,"column":3}},{"start":{"line":98,"column":9},"end":{"line":100,"column":3}}],"line":95},"17":{"loc":{"start":{"line":104,"column":2},"end":{"line":114,"column":3}},"type":"if","locations":[{"start":{"line":104,"column":2},"end":{"line":114,"column":3}},{"start":{},"end":{}}],"line":104},"18":{"loc":{"start":{"line":104,"column":6},"end":{"line":104,"column":41}},"type":"binary-expr","locations":[{"start":{"line":104,"column":6},"end":{"line":104,"column":19}},{"start":{"line":104,"column":23},"end":{"line":104,"column":41}}],"line":104},"19":{"loc":{"start":{"line":105,"column":4},"end":{"line":113,"column":5}},"type":"if","locations":[{"start":{"line":105,"column":4},"end":{"line":113,"column":5}},{"start":{"line":107,"column":11},"end":{"line":113,"column":5}}],"line":105},"20":{"loc":{"start":{"line":107,"column":11},"end":{"line":113,"column":5}},"type":"if","locations":[{"start":{"line":107,"column":11},"end":{"line":113,"column":5}},{"start":{"line":109,"column":11},"end":{"line":113,"column":5}}],"line":107},"21":{"loc":{"start":{"line":109,"column":11},"end":{"line":113,"column":5}},"type":"if","locations":[{"start":{"line":109,"column":11},"end":{"line":113,"column":5}},{"start":{"line":111,"column":11},"end":{"line":113,"column":5}}],"line":109},"22":{"loc":{"start":{"line":117,"column":22},"end":{"line":117,"column":49}},"type":"binary-expr","locations":[{"start":{"line":117,"column":22},"end":{"line":117,"column":41}},{"start":{"line":117,"column":45},"end":{"line":117,"column":49}}],"line":117},"23":{"loc":{"start":{"line":118,"column":2},"end":{"line":121,"column":3}},"type":"if","locations":[{"start":{"line":118,"column":2},"end":{"line":121,"column":3}},{"start":{},"end":{}}],"line":118},"24":{"loc":{"start":{"line":119,"column":4},"end":{"line":120,"column":44}},"type":"if","locations":[{"start":{"line":119,"column":4},"end":{"line":120,"column":44}},{"start":{"line":120,"column":9},"end":{"line":120,"column":44}}],"line":119},"25":{"loc":{"start":{"line":120,"column":9},"end":{"line":120,"column":44}},"type":"if","locations":[{"start":{"line":120,"column":9},"end":{"line":120,"column":44}},{"start":{},"end":{}}],"line":120},"26":{"loc":{"start":{"line":124,"column":18},"end":{"line":124,"column":58}},"type":"binary-expr","locations":[{"start":{"line":124,"column":18},"end":{"line":124,"column":53}},{"start":{"line":124,"column":57},"end":{"line":124,"column":58}}],"line":124},"27":{"loc":{"start":{"line":125,"column":2},"end":{"line":127,"column":39}},"type":"if","locations":[{"start":{"line":125,"column":2},"end":{"line":127,"column":39}},{"start":{"line":126,"column":7},"end":{"line":127,"column":39}}],"line":125},"28":{"loc":{"start":{"line":126,"column":7},"end":{"line":127,"column":39}},"type":"if","locations":[{"start":{"line":126,"column":7},"end":{"line":127,"column":39}},{"start":{"line":127,"column":7},"end":{"line":127,"column":39}}],"line":126},"29":{"loc":{"start":{"line":127,"column":7},"end":{"line":127,"column":39}},"type":"if","locations":[{"start":{"line":127,"column":7},"end":{"line":127,"column":39}},{"start":{},"end":{}}],"line":127},"30":{"loc":{"start":{"line":130,"column":22},"end":{"line":130,"column":47}},"type":"binary-expr","locations":[{"start":{"line":130,"column":22},"end":{"line":130,"column":41}},{"start":{"line":130,"column":45},"end":{"line":130,"column":47}}],"line":130},"31":{"loc":{"start":{"line":133,"column":24},"end":{"line":133,"column":49}},"type":"binary-expr","locations":[{"start":{"line":133,"column":24},"end":{"line":133,"column":43}},{"start":{"line":133,"column":47},"end":{"line":133,"column":49}}],"line":133},"32":{"loc":{"start":{"line":177,"column":16},"end":{"line":177,"column":43}},"type":"binary-expr","locations":[{"start":{"line":177,"column":16},"end":{"line":177,"column":35}},{"start":{"line":177,"column":39},"end":{"line":177,"column":43}}],"line":177},"33":{"loc":{"start":{"line":178,"column":2},"end":{"line":178,"column":50}},"type":"if","locations":[{"start":{"line":178,"column":2},"end":{"line":178,"column":50}},{"start":{},"end":{}}],"line":178},"34":{"loc":{"start":{"line":178,"column":6},"end":{"line":178,"column":35}},"type":"binary-expr","locations":[{"start":{"line":178,"column":6},"end":{"line":178,"column":20}},{"start":{"line":178,"column":24},"end":{"line":178,"column":35}}],"line":178},"35":{"loc":{"start":{"line":181,"column":19},"end":{"line":181,"column":59}},"type":"binary-expr","locations":[{"start":{"line":181,"column":19},"end":{"line":181,"column":54}},{"start":{"line":181,"column":58},"end":{"line":181,"column":59}}],"line":181},"36":{"loc":{"start":{"line":182,"column":2},"end":{"line":182,"column":37}},"type":"if","locations":[{"start":{"line":182,"column":2},"end":{"line":182,"column":37}},{"start":{},"end":{}}],"line":182},"37":{"loc":{"start":{"line":184,"column":2},"end":{"line":190,"column":3}},"type":"if","locations":[{"start":{"line":184,"column":2},"end":{"line":190,"column":3}},{"start":{},"end":{}}],"line":184},"38":{"loc":{"start":{"line":185,"column":4},"end":{"line":187,"column":30}},"type":"binary-expr","locations":[{"start":{"line":185,"column":4},"end":{"line":185,"column":34}},{"start":{"line":186,"column":5},"end":{"line":186,"column":36}},{"start":{"line":186,"column":40},"end":{"line":186,"column":67}},{"start":{"line":187,"column":4},"end":{"line":187,"column":30}}],"line":185},"39":{"loc":{"start":{"line":193,"column":14},"end":{"line":193,"column":51}},"type":"binary-expr","locations":[{"start":{"line":193,"column":14},"end":{"line":193,"column":46}},{"start":{"line":193,"column":50},"end":{"line":193,"column":51}}],"line":193},"40":{"loc":{"start":{"line":194,"column":24},"end":{"line":194,"column":92}},"type":"binary-expr","locations":[{"start":{"line":194,"column":24},"end":{"line":194,"column":67}},{"start":{"line":194,"column":71},"end":{"line":194,"column":92}}],"line":194},"41":{"loc":{"start":{"line":198,"column":2},"end":{"line":202,"column":3}},"type":"if","locations":[{"start":{"line":198,"column":2},"end":{"line":202,"column":3}},{"start":{},"end":{}}],"line":198},"42":{"loc":{"start":{"line":198,"column":6},"end":{"line":198,"column":37}},"type":"binary-expr","locations":[{"start":{"line":198,"column":6},"end":{"line":198,"column":22}},{"start":{"line":198,"column":26},"end":{"line":198,"column":37}}],"line":198},"43":{"loc":{"start":{"line":204,"column":2},"end":{"line":211,"column":3}},"type":"if","locations":[{"start":{"line":204,"column":2},"end":{"line":211,"column":3}},{"start":{},"end":{}}],"line":204},"44":{"loc":{"start":{"line":205,"column":4},"end":{"line":208,"column":20}},"type":"binary-expr","locations":[{"start":{"line":205,"column":4},"end":{"line":205,"column":15}},{"start":{"line":206,"column":4},"end":{"line":206,"column":22}},{"start":{"line":207,"column":4},"end":{"line":207,"column":26}},{"start":{"line":208,"column":4},"end":{"line":208,"column":20}}],"line":205},"45":{"loc":{"start":{"line":214,"column":2},"end":{"line":214,"column":34}},"type":"if","locations":[{"start":{"line":214,"column":2},"end":{"line":214,"column":34}},{"start":{},"end":{}}],"line":214},"46":{"loc":{"start":{"line":215,"column":2},"end":{"line":215,"column":35}},"type":"if","locations":[{"start":{"line":215,"column":2},"end":{"line":215,"column":35}},{"start":{},"end":{}}],"line":215},"47":{"loc":{"start":{"line":240,"column":2},"end":{"line":248,"column":3}},"type":"if","locations":[{"start":{"line":240,"column":2},"end":{"line":248,"column":3}},{"start":{"line":246,"column":9},"end":{"line":248,"column":3}}],"line":240},"48":{"loc":{"start":{"line":240,"column":6},"end":{"line":240,"column":71}},"type":"binary-expr","locations":[{"start":{"line":240,"column":6},"end":{"line":240,"column":36}},{"start":{"line":240,"column":40},"end":{"line":240,"column":71}}],"line":240},"49":{"loc":{"start":{"line":241,"column":4},"end":{"line":245,"column":5}},"type":"if","locations":[{"start":{"line":241,"column":4},"end":{"line":245,"column":5}},{"start":{"line":243,"column":11},"end":{"line":245,"column":5}}],"line":241},"50":{"loc":{"start":{"line":243,"column":11},"end":{"line":245,"column":5}},"type":"if","locations":[{"start":{"line":243,"column":11},"end":{"line":245,"column":5}},{"start":{},"end":{}}],"line":243},"51":{"loc":{"start":{"line":251,"column":24},"end":{"line":251,"column":92}},"type":"binary-expr","locations":[{"start":{"line":251,"column":24},"end":{"line":251,"column":67}},{"start":{"line":251,"column":71},"end":{"line":251,"column":92}}],"line":251},"52":{"loc":{"start":{"line":252,"column":2},"end":{"line":256,"column":3}},"type":"if","locations":[{"start":{"line":252,"column":2},"end":{"line":256,"column":3}},{"start":{"line":254,"column":9},"end":{"line":256,"column":3}}],"line":252},"53":{"loc":{"start":{"line":254,"column":9},"end":{"line":256,"column":3}},"type":"if","locations":[{"start":{"line":254,"column":9},"end":{"line":256,"column":3}},{"start":{},"end":{}}],"line":254},"54":{"loc":{"start":{"line":260,"column":2},"end":{"line":264,"column":3}},"type":"if","locations":[{"start":{"line":260,"column":2},"end":{"line":264,"column":3}},{"start":{"line":262,"column":9},"end":{"line":264,"column":3}}],"line":260},"55":{"loc":{"start":{"line":262,"column":9},"end":{"line":264,"column":3}},"type":"if","locations":[{"start":{"line":262,"column":9},"end":{"line":264,"column":3}},{"start":{},"end":{}}],"line":262},"56":{"loc":{"start":{"line":268,"column":2},"end":{"line":272,"column":3}},"type":"if","locations":[{"start":{"line":268,"column":2},"end":{"line":272,"column":3}},{"start":{"line":270,"column":9},"end":{"line":272,"column":3}}],"line":268},"57":{"loc":{"start":{"line":270,"column":9},"end":{"line":272,"column":3}},"type":"if","locations":[{"start":{"line":270,"column":9},"end":{"line":272,"column":3}},{"start":{},"end":{}}],"line":270},"58":{"loc":{"start":{"line":275,"column":22},"end":{"line":275,"column":47}},"type":"binary-expr","locations":[{"start":{"line":275,"column":22},"end":{"line":275,"column":41}},{"start":{"line":275,"column":45},"end":{"line":275,"column":47}}],"line":275},"59":{"loc":{"start":{"line":276,"column":2},"end":{"line":278,"column":3}},"type":"if","locations":[{"start":{"line":276,"column":2},"end":{"line":278,"column":3}},{"start":{},"end":{}}],"line":276},"60":{"loc":{"start":{"line":280,"column":20},"end":{"line":280,"column":45}},"type":"binary-expr","locations":[{"start":{"line":280,"column":20},"end":{"line":280,"column":39}},{"start":{"line":280,"column":43},"end":{"line":280,"column":45}}],"line":280},"61":{"loc":{"start":{"line":281,"column":2},"end":{"line":283,"column":3}},"type":"if","locations":[{"start":{"line":281,"column":2},"end":{"line":283,"column":3}},{"start":{},"end":{}}],"line":281},"62":{"loc":{"start":{"line":286,"column":2},"end":{"line":288,"column":3}},"type":"if","locations":[{"start":{"line":286,"column":2},"end":{"line":288,"column":3}},{"start":{},"end":{}}],"line":286},"63":{"loc":{"start":{"line":286,"column":6},"end":{"line":286,"column":101}},"type":"binary-expr","locations":[{"start":{"line":286,"column":6},"end":{"line":286,"column":36}},{"start":{"line":286,"column":40},"end":{"line":286,"column":71}},{"start":{"line":286,"column":75},"end":{"line":286,"column":101}}],"line":286},"64":{"loc":{"start":{"line":292,"column":2},"end":{"line":300,"column":3}},"type":"if","locations":[{"start":{"line":292,"column":2},"end":{"line":300,"column":3}},{"start":{},"end":{}}],"line":292},"65":{"loc":{"start":{"line":292,"column":6},"end":{"line":292,"column":41}},"type":"binary-expr","locations":[{"start":{"line":292,"column":6},"end":{"line":292,"column":19}},{"start":{"line":292,"column":23},"end":{"line":292,"column":41}}],"line":292},"66":{"loc":{"start":{"line":293,"column":4},"end":{"line":299,"column":5}},"type":"if","locations":[{"start":{"line":293,"column":4},"end":{"line":299,"column":5}},{"start":{"line":295,"column":11},"end":{"line":299,"column":5}}],"line":293},"67":{"loc":{"start":{"line":295,"column":11},"end":{"line":299,"column":5}},"type":"if","locations":[{"start":{"line":295,"column":11},"end":{"line":299,"column":5}},{"start":{"line":297,"column":11},"end":{"line":299,"column":5}}],"line":295},"68":{"loc":{"start":{"line":297,"column":11},"end":{"line":299,"column":5}},"type":"if","locations":[{"start":{"line":297,"column":11},"end":{"line":299,"column":5}},{"start":{},"end":{}}],"line":297},"69":{"loc":{"start":{"line":306,"column":2},"end":{"line":312,"column":3}},"type":"if","locations":[{"start":{"line":306,"column":2},"end":{"line":312,"column":3}},{"start":{"line":308,"column":9},"end":{"line":312,"column":3}}],"line":306},"70":{"loc":{"start":{"line":308,"column":9},"end":{"line":312,"column":3}},"type":"if","locations":[{"start":{"line":308,"column":9},"end":{"line":312,"column":3}},{"start":{"line":310,"column":9},"end":{"line":312,"column":3}}],"line":308},"71":{"loc":{"start":{"line":310,"column":9},"end":{"line":312,"column":3}},"type":"if","locations":[{"start":{"line":310,"column":9},"end":{"line":312,"column":3}},{"start":{},"end":{}}],"line":310},"72":{"loc":{"start":{"line":316,"column":2},"end":{"line":343,"column":3}},"type":"if","locations":[{"start":{"line":316,"column":2},"end":{"line":343,"column":3}},{"start":{"line":325,"column":9},"end":{"line":343,"column":3}}],"line":316},"73":{"loc":{"start":{"line":325,"column":9},"end":{"line":343,"column":3}},"type":"if","locations":[{"start":{"line":325,"column":9},"end":{"line":343,"column":3}},{"start":{"line":334,"column":9},"end":{"line":343,"column":3}}],"line":325},"74":{"loc":{"start":{"line":334,"column":9},"end":{"line":343,"column":3}},"type":"if","locations":[{"start":{"line":334,"column":9},"end":{"line":343,"column":3}},{"start":{},"end":{}}],"line":334},"75":{"loc":{"start":{"line":367,"column":2},"end":{"line":379,"column":3}},"type":"if","locations":[{"start":{"line":367,"column":2},"end":{"line":379,"column":3}},{"start":{},"end":{}}],"line":367},"76":{"loc":{"start":{"line":371,"column":16},"end":{"line":371,"column":52}},"type":"cond-expr","locations":[{"start":{"line":371,"column":35},"end":{"line":371,"column":41}},{"start":{"line":371,"column":44},"end":{"line":371,"column":52}}],"line":371},"77":{"loc":{"start":{"line":382,"column":2},"end":{"line":393,"column":3}},"type":"if","locations":[{"start":{"line":382,"column":2},"end":{"line":393,"column":3}},{"start":{},"end":{}}],"line":382},"78":{"loc":{"start":{"line":382,"column":6},"end":{"line":382,"column":101}},"type":"binary-expr","locations":[{"start":{"line":382,"column":6},"end":{"line":382,"column":36}},{"start":{"line":382,"column":40},"end":{"line":382,"column":71}},{"start":{"line":382,"column":75},"end":{"line":382,"column":101}}],"line":382},"79":{"loc":{"start":{"line":386,"column":16},"end":{"line":386,"column":63}},"type":"cond-expr","locations":[{"start":{"line":386,"column":46},"end":{"line":386,"column":52}},{"start":{"line":386,"column":55},"end":{"line":386,"column":63}}],"line":386},"80":{"loc":{"start":{"line":396,"column":2},"end":{"line":406,"column":3}},"type":"if","locations":[{"start":{"line":396,"column":2},"end":{"line":406,"column":3}},{"start":{},"end":{}}],"line":396},"81":{"loc":{"start":{"line":409,"column":2},"end":{"line":422,"column":3}},"type":"if","locations":[{"start":{"line":409,"column":2},"end":{"line":422,"column":3}},{"start":{},"end":{}}],"line":409},"82":{"loc":{"start":{"line":414,"column":16},"end":{"line":414,"column":74}},"type":"cond-expr","locations":[{"start":{"line":414,"column":57},"end":{"line":414,"column":63}},{"start":{"line":414,"column":66},"end":{"line":414,"column":74}}],"line":414},"83":{"loc":{"start":{"line":416,"column":26},"end":{"line":416,"column":167}},"type":"binary-expr","locations":[{"start":{"line":416,"column":26},"end":{"line":416,"column":42}},{"start":{"line":416,"column":46},"end":{"line":416,"column":167}}],"line":416},"84":{"loc":{"start":{"line":420,"column":27},"end":{"line":420,"column":52}},"type":"binary-expr","locations":[{"start":{"line":420,"column":27},"end":{"line":420,"column":43}},{"start":{"line":420,"column":47},"end":{"line":420,"column":52}}],"line":420},"85":{"loc":{"start":{"line":426,"column":2},"end":{"line":437,"column":3}},"type":"if","locations":[{"start":{"line":426,"column":2},"end":{"line":437,"column":3}},{"start":{},"end":{}}],"line":426},"86":{"loc":{"start":{"line":430,"column":16},"end":{"line":430,"column":55}},"type":"cond-expr","locations":[{"start":{"line":430,"column":38},"end":{"line":430,"column":44}},{"start":{"line":430,"column":47},"end":{"line":430,"column":55}}],"line":430},"87":{"loc":{"start":{"line":441,"column":2},"end":{"line":467,"column":3}},"type":"if","locations":[{"start":{"line":441,"column":2},"end":{"line":467,"column":3}},{"start":{},"end":{}}],"line":441},"88":{"loc":{"start":{"line":441,"column":6},"end":{"line":441,"column":41}},"type":"binary-expr","locations":[{"start":{"line":441,"column":6},"end":{"line":441,"column":19}},{"start":{"line":441,"column":23},"end":{"line":441,"column":41}}],"line":441},"89":{"loc":{"start":{"line":442,"column":4},"end":{"line":466,"column":5}},"type":"if","locations":[{"start":{"line":442,"column":4},"end":{"line":466,"column":5}},{"start":{"line":454,"column":11},"end":{"line":466,"column":5}}],"line":442},"90":{"loc":{"start":{"line":454,"column":11},"end":{"line":466,"column":5}},"type":"if","locations":[{"start":{"line":454,"column":11},"end":{"line":466,"column":5}},{"start":{},"end":{}}],"line":454},"91":{"loc":{"start":{"line":470,"column":2},"end":{"line":482,"column":3}},"type":"if","locations":[{"start":{"line":470,"column":2},"end":{"line":482,"column":3}},{"start":{},"end":{}}],"line":470},"92":{"loc":{"start":{"line":470,"column":6},"end":{"line":470,"column":63}},"type":"binary-expr","locations":[{"start":{"line":470,"column":6},"end":{"line":470,"column":34}},{"start":{"line":470,"column":38},"end":{"line":470,"column":63}}],"line":470},"93":{"loc":{"start":{"line":474,"column":16},"end":{"line":474,"column":59}},"type":"cond-expr","locations":[{"start":{"line":474,"column":42},"end":{"line":474,"column":48}},{"start":{"line":474,"column":51},"end":{"line":474,"column":59}}],"line":474},"94":{"loc":{"start":{"line":485,"column":19},"end":{"line":485,"column":59}},"type":"binary-expr","locations":[{"start":{"line":485,"column":19},"end":{"line":485,"column":54}},{"start":{"line":485,"column":58},"end":{"line":485,"column":59}}],"line":485},"95":{"loc":{"start":{"line":486,"column":2},"end":{"line":495,"column":3}},"type":"if","locations":[{"start":{"line":486,"column":2},"end":{"line":495,"column":3}},{"start":{},"end":{}}],"line":486},"96":{"loc":{"start":{"line":490,"column":16},"end":{"line":490,"column":81}},"type":"cond-expr","locations":[{"start":{"line":490,"column":35},"end":{"line":490,"column":41}},{"start":{"line":490,"column":45},"end":{"line":490,"column":80}}],"line":490},"97":{"loc":{"start":{"line":490,"column":45},"end":{"line":490,"column":80}},"type":"cond-expr","locations":[{"start":{"line":490,"column":64},"end":{"line":490,"column":72}},{"start":{"line":490,"column":75},"end":{"line":490,"column":80}}],"line":490},"98":{"loc":{"start":{"line":498,"column":2},"end":{"line":527,"column":3}},"type":"if","locations":[{"start":{"line":498,"column":2},"end":{"line":527,"column":3}},{"start":{},"end":{}}],"line":498},"99":{"loc":{"start":{"line":498,"column":6},"end":{"line":498,"column":61}},"type":"binary-expr","locations":[{"start":{"line":498,"column":6},"end":{"line":498,"column":34}},{"start":{"line":498,"column":38},"end":{"line":498,"column":61}}],"line":498},"100":{"loc":{"start":{"line":499,"column":4},"end":{"line":526,"column":5}},"type":"if","locations":[{"start":{"line":499,"column":4},"end":{"line":526,"column":5}},{"start":{"line":508,"column":11},"end":{"line":526,"column":5}}],"line":499},"101":{"loc":{"start":{"line":508,"column":11},"end":{"line":526,"column":5}},"type":"if","locations":[{"start":{"line":508,"column":11},"end":{"line":526,"column":5}},{"start":{"line":517,"column":11},"end":{"line":526,"column":5}}],"line":508},"102":{"loc":{"start":{"line":517,"column":11},"end":{"line":526,"column":5}},"type":"if","locations":[{"start":{"line":517,"column":11},"end":{"line":526,"column":5}},{"start":{},"end":{}}],"line":517}},"s":{"0":33,"1":33,"2":33,"3":33,"4":33,"5":33,"6":33,"7":33,"8":32,"9":29,"10":29,"11":3,"12":1,"13":1,"14":2,"15":1,"16":1,"17":1,"18":1,"19":33,"20":2,"21":2,"22":31,"23":1,"24":1,"25":30,"26":33,"27":33,"28":33,"29":1,"30":1,"31":32,"32":30,"33":30,"34":2,"35":1,"36":1,"37":1,"38":33,"39":33,"40":1,"41":32,"42":1,"43":31,"44":33,"45":33,"46":1,"47":1,"48":32,"49":2,"50":2,"51":30,"52":33,"53":33,"54":4,"55":1,"56":3,"57":1,"58":2,"59":1,"60":1,"61":33,"62":33,"63":4,"64":1,"65":3,"66":1,"67":33,"68":33,"69":1,"70":32,"71":1,"72":31,"73":30,"74":33,"75":33,"76":33,"77":33,"78":33,"79":33,"80":33,"81":10,"82":10,"83":1,"84":9,"85":9,"86":1,"87":8,"88":3,"89":5,"90":5,"91":5,"92":5,"93":1,"94":4,"95":3,"96":1,"97":1,"98":0,"99":0,"100":0,"101":11,"102":11,"103":11,"104":10,"105":3,"106":7,"107":6,"108":1,"109":11,"110":11,"111":2,"112":9,"113":0,"114":11,"115":11,"116":1,"117":10,"118":0,"119":11,"120":11,"121":1,"122":10,"123":0,"124":11,"125":11,"126":0,"127":11,"128":11,"129":0,"130":11,"131":1,"132":11,"133":11,"134":11,"135":2,"136":9,"137":0,"138":9,"139":0,"140":11,"141":11,"142":11,"143":1,"144":10,"145":5,"146":5,"147":4,"148":11,"149":11,"150":1,"151":10,"152":5,"153":5,"154":4,"155":11,"156":7,"157":7,"158":7,"159":1,"160":7,"161":1,"162":7,"163":1,"164":7,"165":7,"166":7,"167":7,"168":7,"169":2,"170":7,"171":7,"172":7,"173":1,"174":6,"175":0,"176":7,"177":1,"178":7,"179":7,"180":0,"181":7,"182":0,"183":0,"184":0,"185":0,"186":0,"187":0,"188":7,"189":1},"f":{"0":33,"1":10,"2":11,"3":7},"b":{"0":[32,1],"1":[33,32],"2":[29,3],"3":[1,2],"4":[1,1],"5":[2,31],"6":[1,30],"7":[33,0],"8":[33,0],"9":[1,32],"10":[30,2],"11":[1,1],"12":[33,0],"13":[1,32],"14":[1,31],"15":[1,32],"16":[2,30],"17":[4,29],"18":[33,4],"19":[1,3],"20":[1,2],"21":[1,1],"22":[33,29],"23":[4,29],"24":[1,3],"25":[1,2],"26":[33,0],"27":[1,32],"28":[1,31],"29":[30,1],"30":[33,0],"31":[33,0],"32":[10,0],"33":[1,9],"34":[10,10],"35":[9,0],"36":[1,8],"37":[3,5],"38":[8,7,7,5],"39":[5,0],"40":[5,0],"41":[1,4],"42":[5,1],"43":[3,1],"44":[4,3,2,1],"45":[1,0],"46":[0,0],"47":[10,1],"48":[11,10],"49":[3,7],"50":[6,1],"51":[11,0],"52":[2,9],"53":[0,9],"54":[1,10],"55":[0,10],"56":[1,10],"57":[0,10],"58":[11,0],"59":[0,11],"60":[11,0],"61":[0,11],"62":[1,10],"63":[11,10,10],"64":[11,0],"65":[11,11],"66":[2,9],"67":[0,9],"68":[0,9],"69":[1,10],"70":[5,5],"71":[4,1],"72":[1,10],"73":[5,5],"74":[4,1],"75":[1,6],"76":[1,0],"77":[1,6],"78":[7,6,6],"79":[1,0],"80":[1,6],"81":[7,0],"82":[0,7],"83":[7,0],"84":[7,0],"85":[2,5],"86":[2,0],"87":[7,0],"88":[7,7],"89":[1,6],"90":[0,6],"91":[1,6],"92":[7,7],"93":[1,0],"94":[7,7],"95":[0,7],"96":[0,0],"97":[0,0],"98":[0,7],"99":[7,0],"100":[0,0],"101":[0,0],"102":[0,0]},"_coverageSchema":"1a1c01bbd47fc00a2c39e90264f33305004495a9","hash":"224a8a34c7e88ecfd4fce342d08be8c12b68612a"}
[...]
,"C:\\ai_fast_builderthon\\start_smart\\engine\\finance\\loan\\amortize.js": {"path":"C:\\ai_fast_builderthon\\start_smart\\engine\\finance\\loan\\amortize.js","statementMap":{"0":{"start":{"line":18,"column":22},"end":{"line":18,"column":30}},"1":{"start":{"line":22,"column":2},"end":{"line":27,"column":3}},"2":{"start":{"line":23,"column":4},"end":{"line":23,"column":44}},"3":{"start":{"line":25,"column":19},"end":{"line":25,"column":56}},"4":{"start":{"line":26,"column":4},"end":{"line":26,"column":71}},"5":{"start":{"line":30,"column":19},"end":{"line":30,"column":21}},"6":{"start":{"line":31,"column":16},"end":{"line":31,"column":25}},"7":{"start":{"line":33,"column":2},"end":{"line":45,"column":3}},"8":{"start":{"line":33,"column":19},"end":{"line":33,"column":20}},"9":{"start":{"line":34,"column":21},"end":{"line":34,"column":42}},"10":{"start":{"line":35,"column":29},"end":{"line":35,"column":54}},"11":{"start":{"line":36,"column":4},"end":{"line":36,"column":54}},"12":{"start":{"line":38,"column":4},"end":{"line":44,"column":7}},"13":{"start":{"line":47,"column":2},"end":{"line":50,"column":4}},"14":{"start":{"line":61,"column":22},"end":{"line":61,"column":30}},"15":{"start":{"line":62,"column":27},"end":{"line":62,"column":49}},"16":{"start":{"line":65,"column":19},"end":{"line":65,"column":21}},"17":{"start":{"line":66,"column":16},"end":{"line":66,"column":25}},"18":{"start":{"line":68,"column":2},"end":{"line":80,"column":3}},"19":{"start":{"line":68,"column":19},"end":{"line":68,"column":20}},"20":{"start":{"line":69,"column":21},"end":{"line":69,"column":42}},"21":{"start":{"line":70,"column":27},"end":{"line":70,"column":54}},"22":{"start":{"line":71,"column":4},"end":{"line":71,"column":54}},"23":{"start":{"line":73,"column":4},"end":{"line":79,"column":7}},"24":{"start":{"line":83,"column":28},"end":{"line":83,"column":53}},"25":{"start":{"line":85,"column":2},"end":{"line":88,"column":4}},"26":{"start":{"line":99,"column":22},"end":{"line":99,"column":30}},"27":{"start":{"line":100,"column":25},"end":{"line":100,"column":48}},"28":{"start":{"line":103,"column":19},"end":{"line":103,"column":21}},"29":{"start":{"line":104,"column":18},"end":{"line":104,"column":27}},"30":{"start":{"line":106,"column":2},"end":{"line":114,"column":3}},"31":{"start":{"line":106,"column":19},"end":{"line":106,"column":20}},"32":{"start":{"line":107,"column":4},"end":{"line":113,"column":7}},"33":{"start":{"line":116,"column":2},"end":{"line":119,"column":4}},"34":{"start":{"line":128,"column":2},"end":{"line":137,"column":3}},"35":{"start":{"line":129,"column":4},"end":{"line":136,"column":6}},"36":{"start":{"line":139,"column":28},"end":{"line":139,"column":29}},"37":{"start":{"line":140,"column":29},"end":{"line":140,"column":30}},"38":{"start":{"line":141,"column":30},"end":{"line":141,"column":31}},"39":{"start":{"line":142,"column":31},"end":{"line":142,"column":32}},"40":{"start":{"line":143,"column":30},"end":{"line":143,"column":32}},"41":{"start":{"line":144,"column":22},"end":{"line":144,"column":24}},"42":{"start":{"line":147,"column":2},"end":{"line":192,"column":3}},"43":{"start":{"line":148,"column":58},"end":{"line":148,"column":62}},"44":{"start":{"line":151,"column":4},"end":{"line":153,"column":5}},"45":{"start":{"line":152,"column":6},"end":{"line":152,"column":56}},"46":{"start":{"line":154,"column":4},"end":{"line":156,"column":5}},"47":{"start":{"line":155,"column":6},"end":{"line":155,"column":53}},"48":{"start":{"line":157,"column":4},"end":{"line":159,"column":5}},"49":{"start":{"line":158,"column":6},"end":{"line":158,"column":57}},"50":{"start":{"line":162,"column":4},"end":{"line":174,"column":5}},"51":{"start":{"line":164,"column":8},"end":{"line":164,"column":67}},"52":{"start":{"line":165,"column":8},"end":{"line":165,"column":14}},"53":{"start":{"line":167,"column":8},"end":{"line":167,"column":69}},"54":{"start":{"line":168,"column":8},"end":{"line":168,"column":14}},"55":{"start":{"line":170,"column":8},"end":{"line":170,"column":67}},"56":{"start":{"line":171,"column":8},"end":{"line":171,"column":14}},"57":{"start":{"line":173,"column":8},"end":{"line":173,"column":62}},"58":{"start":{"line":176,"column":23},"end":{"line":176,"column":41}},"59":{"start":{"line":177,"column":4},"end":{"line":177,"column":49}},"60":{"start":{"line":178,"column":4},"end":{"line":178,"column":54}},"61":{"start":{"line":179,"column":4},"end":{"line":179,"column":56}},"62":{"start":{"line":180,"column":4},"end":{"line":180,"column":63}},"63":{"start":{"line":182,"column":4},"end":{"line":191,"column":7}},"64":{"start":{"line":195,"column":2},"end":{"line":232,"column":3}},"65":{"start":{"line":195,"column":19},"end":{"line":195,"column":20}},"66":{"start":{"line":196,"column":23},"end":{"line":196,"column":24}},"67":{"start":{"line":197,"column":24},"end":{"line":197,"column":25}},"68":{"start":{"line":198,"column":25},"end":{"line":198,"column":26}},"69":{"start":{"line":199,"column":23},"end":{"line":199,"column":24}},"70":{"start":{"line":201,"column":4},"end":{"line":223,"column":5}},"71":{"start":{"line":202,"column":60},"end":{"line":202,"column":64}},"72":{"start":{"line":205,"column":6},"end":{"line":215,"column":7}},"73":{"start":{"line":207,"column":10},"end":{"line":207,"column":69}},"74":{"start":{"line":208,"column":10},"end":{"line":208,"column":16}},"75":{"start":{"line":210,"column":10},"end":{"line":210,"column":71}},"76":{"start":{"line":211,"column":10},"end":{"line":211,"column":16}},"77":{"start":{"line":213,"column":10},"end":{"line":213,"column":69}},"78":{"start":{"line":214,"column":10},"end":{"line":214,"column":16}},"79":{"start":{"line":217,"column":6},"end":{"line":222,"column":7}},"80":{"start":{"line":218,"column":8},"end":{"line":218,"column":59}},"81":{"start":{"line":219,"column":8},"end":{"line":219,"column":61}},"82":{"start":{"line":220,"column":8},"end":{"line":220,"column":63}},"83":{"start":{"line":221,"column":8},"end":{"line":221,"column":59}},"84":{"start":{"line":225,"column":4},"end":{"line":231,"column":7}},"85":{"start":{"line":234,"column":2},"end":{"line":241,"column":4}},"86":{"start":{"line":244,"column":0},"end":{"line":249,"column":2}}},"fnMap":{"0":{"name":"calculateEqualPayment","decl":{"start":{"line":17,"column":9},"end":{"line":17,"column":30}},"loc":{"start":{"line":17,"column":59},"end":{"line":51,"column":1}},"line":17},"1":{"name":"calculateEqualPrincipal","decl":{"start":{"line":60,"column":9},"end":{"line":60,"column":32}},"loc":{"start":{"line":60,"column":61},"end":{"line":89,"column":1}},"line":60},"2":{"name":"calculateInterestOnly","decl":{"start":{"line":98,"column":9},"end":{"line":98,"column":30}},"loc":{"start":{"line":98,"column":59},"end":{"line":120,"column":1}},"line":98},"3":{"name":"amortizeLoans","decl":{"start":{"line":127,"column":9},"end":{"line":127,"column":22}},"loc":{"start":{"line":127,"column":30},"end":{"line":242,"column":1}},"line":127}},"branchMap":{"0":{"loc":{"start":{"line":22,"column":2},"end":{"line":27,"column":3}},"type":"if","locations":[{"start":{"line":22,"column":2},"end":{"line":27,"column":3}},{"start":{"line":24,"column":9},"end":{"line":27,"column":3}}],"line":22},"1":{"loc":{"start":{"line":83,"column":28},"end":{"line":83,"column":53}},"type":"binary-expr","locations":[{"start":{"line":83,"column":28},"end":{"line":83,"column":48}},{"start":{"line":83,"column":52},"end":{"line":83,"column":53}}],"line":83},"2":{"loc":{"start":{"line":128,"column":2},"end":{"line":137,"column":3}},"type":"if","locations":[{"start":{"line":128,"column":2},"end":{"line":137,"column":3}},{"start":{},"end":{}}],"line":128},"3":{"loc":{"start":{"line":128,"column":6},"end":{"line":128,"column":34}},"type":"binary-expr","locations":[{"start":{"line":128,"column":6},"end":{"line":128,"column":12}},{"start":{"line":128,"column":16},"end":{"line":128,"column":34}}],"line":128},"4":{"loc":{"start":{"line":151,"column":4},"end":{"line":153,"column":5}},"type":"if","locations":[{"start":{"line":151,"column":4},"end":{"line":153,"column":5}},{"start":{},"end":{}}],"line":151},"5":{"loc":{"start":{"line":151,"column":8},"end":{"line":151,"column":36}},"type":"binary-expr","locations":[{"start":{"line":151,"column":8},"end":{"line":151,"column":18}},{"start":{"line":151,"column":22},"end":{"line":151,"column":36}}],"line":151},"6":{"loc":{"start":{"line":154,"column":4},"end":{"line":156,"column":5}},"type":"if","locations":[{"start":{"line":154,"column":4},"end":{"line":156,"column":5}},{"start":{},"end":{}}],"line":154},"7":{"loc":{"start":{"line":154,"column":8},"end":{"line":154,"column":27}},"type":"binary-expr","locations":[{"start":{"line":154,"column":8},"end":{"line":154,"column":15}},{"start":{"line":154,"column":19},"end":{"line":154,"column":27}}],"line":154},"8":{"loc":{"start":{"line":157,"column":4},"end":{"line":159,"column":5}},"type":"if","locations":[{"start":{"line":157,"column":4},"end":{"line":159,"column":5}},{"start":{},"end":{}}],"line":157},"9":{"loc":{"start":{"line":157,"column":8},"end":{"line":157,"column":38}},"type":"binary-expr","locations":[{"start":{"line":157,"column":8},"end":{"line":157,"column":19}},{"start":{"line":157,"column":23},"end":{"line":157,"column":38}}],"line":157},"10":{"loc":{"start":{"line":162,"column":4},"end":{"line":174,"column":5}},"type":"switch","locations":[{"start":{"line":163,"column":6},"end":{"line":165,"column":14}},{"start":{"line":166,"column":6},"end":{"line":168,"column":14}},{"start":{"line":169,"column":6},"end":{"line":171,"column":14}},{"start":{"line":172,"column":6},"end":{"line":173,"column":62}}],"line":162},"11":{"loc":{"start":{"line":178,"column":28},"end":{"line":178,"column":53}},"type":"binary-expr","locations":[{"start":{"line":178,"column":28},"end":{"line":178,"column":48}},{"start":{"line":178,"column":52},"end":{"line":178,"column":53}}],"line":178},"12":{"loc":{"start":{"line":179,"column":29},"end":{"line":179,"column":55}},"type":"binary-expr","locations":[{"start":{"line":179,"column":29},"end":{"line":179,"column":50}},{"start":{"line":179,"column":54},"end":{"line":179,"column":55}}],"line":179},"13":{"loc":{"start":{"line":180,"column":30},"end":{"line":180,"column":62}},"type":"binary-expr","locations":[{"start":{"line":180,"column":30},"end":{"line":180,"column":49}},{"start":{"line":180,"column":53},"end":{"line":180,"column":62}}],"line":180},"14":{"loc":{"start":{"line":188,"column":23},"end":{"line":188,"column":48}},"type":"binary-expr","locations":[{"start":{"line":188,"column":23},"end":{"line":188,"column":43}},{"start":{"line":188,"column":47},"end":{"line":188,"column":48}}],"line":188},"15":{"loc":{"start":{"line":189,"column":24},"end":{"line":189,"column":50}},"type":"binary-expr","locations":[{"start":{"line":189,"column":24},"end":{"line":189,"column":45}},{"start":{"line":189,"column":49},"end":{"line":189,"column":50}}],"line":189},"16":{"loc":{"start":{"line":190,"column":25},"end":{"line":190,"column":57}},"type":"binary-expr","locations":[{"start":{"line":190,"column":25},"end":{"line":190,"column":44}},{"start":{"line":190,"column":48},"end":{"line":190,"column":57}}],"line":190},"17":{"loc":{"start":{"line":205,"column":6},"end":{"line":215,"column":7}},"type":"switch","locations":[{"start":{"line":206,"column":8},"end":{"line":208,"column":16}},{"start":{"line":209,"column":8},"end":{"line":211,"column":16}},{"start":{"line":212,"column":8},"end":{"line":214,"column":16}}],"line":205},"18":{"loc":{"start":{"line":217,"column":6},"end":{"line":222,"column":7}},"type":"if","locations":[{"start":{"line":217,"column":6},"end":{"line":222,"column":7}},{"start":{},"end":{}}],"line":217}},"s":{"0":39,"1":39,"2":0,"3":39,"4":39,"5":39,"6":39,"7":39,"8":39,"9":468,"10":468,"11":468,"12":468,"13":39,"14":0,"15":0,"16":0,"17":0,"18":0,"19":0,"20":0,"21":0,"22":0,"23":0,"24":0,"25":0,"26":0,"27":0,"28":0,"29":0,"30":0,"31":0,"32":0,"33":0,"34":25,"35":22,"36":3,"37":3,"38":3,"39":3,"40":3,"41":3,"42":3,"43":3,"44":3,"45":0,"46":3,"47":0,"48":3,"49":0,"50":3,"51":3,"52":3,"53":0,"54":0,"55":0,"56":0,"57":0,"58":3,"59":3,"60":3,"61":3,"62":3,"63":3,"64":3,"65":3,"66":36,"67":36,"68":36,"69":36,"70":36,"71":36,"72":36,"73":36,"74":36,"75":0,"76":0,"77":0,"78":0,"79":36,"80":36,"81":36,"82":36,"83":36,"84":36,"85":3,"86":1},"f":{"0":39,"1":0,"2":0,"3":25},"b":{"0":[0,39],"1":[0,0],"2":[22,3],"3":[25,25],"4":[0,3],"5":[3,3],"6":[0,3],"7":[3,3],"8":[0,3],"9":[3,3],"10":[3,0,0,0],"11":[3,0],"12":[3,0],"13":[3,0],"14":[3,0],"15":[3,0],"16":[3,0],"17":[36,0,0],"18":[36,0]},"_coverageSchema":"1a1c01bbd47fc00a2c39e90264f33305004495a9","hash":"99e5b21a81f04b4b124527029f115a22d91dee49"}
,"C:\\ai_fast_builderthon\\start_smart\\engine\\finance\\loan\\validator.js": {"path":"C:\\ai_fast_builderthon\\start_smart\\engine\\finance\\loan\\validator.js","statementMap":{"0":{"start":{"line":13,"column":17},"end":{"line":13,"column":19}},"1":{"start":{"line":15,"column":2},"end":{"line":17,"column":3}},"2":{"start":{"line":16,"column":4},"end":{"line":16,"column":39}},"3":{"start":{"line":19,"column":2},"end":{"line":21,"column":3}},"4":{"start":{"line":20,"column":4},"end":{"line":20,"column":39}},"5":{"start":{"line":23,"column":30},"end":{"line":23,"column":83}},"6":{"start":{"line":25,"column":2},"end":{"line":53,"column":5}},"7":{"start":{"line":27,"column":4},"end":{"line":31,"column":5}},"8":{"start":{"line":28,"column":6},"end":{"line":28,"column":55}},"9":{"start":{"line":29,"column":11},"end":{"line":31,"column":5}},"10":{"start":{"line":30,"column":6},"end":{"line":30,"column":64}},"11":{"start":{"line":34,"column":4},"end":{"line":38,"column":5}},"12":{"start":{"line":35,"column":6},"end":{"line":35,"column":49}},"13":{"start":{"line":36,"column":11},"end":{"line":38,"column":5}},"14":{"start":{"line":37,"column":6},"end":{"line":37,"column":75}},"15":{"start":{"line":41,"column":4},"end":{"line":45,"column":5}},"16":{"start":{"line":42,"column":6},"end":{"line":42,"column":56}},"17":{"start":{"line":43,"column":11},"end":{"line":45,"column":5}},"18":{"start":{"line":44,"column":6},"end":{"line":44,"column":65}},"19":{"start":{"line":48,"column":4},"end":{"line":52,"column":5}},"20":{"start":{"line":49,"column":6},"end":{"line":49,"column":59}},"21":{"start":{"line":50,"column":11},"end":{"line":52,"column":5}},"22":{"start":{"line":51,"column":6},"end":{"line":51,"column":98}},"23":{"start":{"line":55,"column":2},"end":{"line":58,"column":4}},"24":{"start":{"line":61,"column":0},"end":{"line":63,"column":2}}},"fnMap":{"0":{"name":"validateLoans","decl":{"start":{"line":12,"column":9},"end":{"line":12,"column":22}},"loc":{"start":{"line":12,"column":30},"end":{"line":59,"column":1}},"line":12},"1":{"name":"(anonymous_1)","decl":{"start":{"line":25,"column":16},"end":{"line":25,"column":17}},"loc":{"start":{"line":25,"column":33},"end":{"line":53,"column":3}},"line":25}},"branchMap":{"0":{"loc":{"start":{"line":15,"column":2},"end":{"line":17,"column":3}},"type":"if","locations":[{"start":{"line":15,"column":2},"end":{"line":17,"column":3}},{"start":{},"end":{}}],"line":15},"1":{"loc":{"start":{"line":15,"column":6},"end":{"line":15,"column":37}},"type":"binary-expr","locations":[{"start":{"line":15,"column":6},"end":{"line":15,"column":12}},{"start":{"line":15,"column":16},"end":{"line":15,"column":37}}],"line":15},"2":{"loc":{"start":{"line":19,"column":2},"end":{"line":21,"column":3}},"type":"if","locations":[{"start":{"line":19,"column":2},"end":{"line":21,"column":3}},{"start":{},"end":{}}],"line":19},"3":{"loc":{"start":{"line":27,"column":4},"end":{"line":31,"column":5}},"type":"if","locations":[{"start":{"line":27,"column":4},"end":{"line":31,"column":5}},{"start":{"line":29,"column":11},"end":{"line":31,"column":5}}],"line":27},"4":{"loc":{"start":{"line":27,"column":8},"end":{"line":27,"column":63}},"type":"binary-expr","locations":[{"start":{"line":27,"column":8},"end":{"line":27,"column":36}},{"start":{"line":27,"column":40},"end":{"line":27,"column":63}}],"line":27},"5":{"loc":{"start":{"line":29,"column":11},"end":{"line":31,"column":5}},"type":"if","locations":[{"start":{"line":29,"column":11},"end":{"line":31,"column":5}},{"start":{},"end":{}}],"line":29},"6":{"loc":{"start":{"line":29,"column":15},"end":{"line":29,"column":72}},"type":"binary-expr","locations":[{"start":{"line":29,"column":15},"end":{"line":29,"column":49}},{"start":{"line":29,"column":53},"end":{"line":29,"column":72}}],"line":29},"7":{"loc":{"start":{"line":34,"column":4},"end":{"line":38,"column":5}},"type":"if","locations":[{"start":{"line":34,"column":4},"end":{"line":38,"column":5}},{"start":{"line":36,"column":11},"end":{"line":38,"column":5}}],"line":34},"8":{"loc":{"start":{"line":34,"column":8},"end":{"line":34,"column":51}},"type":"binary-expr","locations":[{"start":{"line":34,"column":8},"end":{"line":34,"column":30}},{"start":{"line":34,"column":34},"end":{"line":34,"column":51}}],"line":34},"9":{"loc":{"start":{"line":36,"column":11},"end":{"line":38,"column":5}},"type":"if","locations":[{"start":{"line":36,"column":11},"end":{"line":38,"column":5}},{"start":{},"end":{}}],"line":36},"10":{"loc":{"start":{"line":36,"column":15},"end":{"line":36,"column":76}},"type":"binary-expr","locations":[{"start":{"line":36,"column":15},"end":{"line":36,"column":43}},{"start":{"line":36,"column":47},"end":{"line":36,"column":59}},{"start":{"line":36,"column":63},"end":{"line":36,"column":76}}],"line":36},"11":{"loc":{"start":{"line":41,"column":4},"end":{"line":45,"column":5}},"type":"if","locations":[{"start":{"line":41,"column":4},"end":{"line":45,"column":5}},{"start":{"line":43,"column":11},"end":{"line":45,"column":5}}],"line":41},"12":{"loc":{"start":{"line":41,"column":8},"end":{"line":41,"column":65}},"type":"binary-expr","locations":[{"start":{"line":41,"column":8},"end":{"line":41,"column":37}},{"start":{"line":41,"column":41},"end":{"line":41,"column":65}}],"line":41},"13":{"loc":{"start":{"line":43,"column":11},"end":{"line":45,"column":5}},"type":"if","locations":[{"start":{"line":43,"column":11},"end":{"line":45,"column":5}},{"start":{},"end":{}}],"line":43},"14":{"loc":{"start":{"line":43,"column":15},"end":{"line":43,"column":112}},"type":"binary-expr","locations":[{"start":{"line":43,"column":15},"end":{"line":43,"column":50}},{"start":{"line":43,"column":54},"end":{"line":43,"column":74}},{"start":{"line":43,"column":78},"end":{"line":43,"column":112}}],"line":43},"15":{"loc":{"start":{"line":48,"column":4},"end":{"line":52,"column":5}},"type":"if","locations":[{"start":{"line":48,"column":4},"end":{"line":52,"column":5}},{"start":{"line":50,"column":11},"end":{"line":52,"column":5}}],"line":48},"16":{"loc":{"start":{"line":48,"column":8},"end":{"line":48,"column":71}},"type":"binary-expr","locations":[{"start":{"line":48,"column":8},"end":{"line":48,"column":40}},{"start":{"line":48,"column":44},"end":{"line":48,"column":71}}],"line":48},"17":{"loc":{"start":{"line":50,"column":11},"end":{"line":52,"column":5}},"type":"if","locations":[{"start":{"line":50,"column":11},"end":{"line":52,"column":5}},{"start":{},"end":{}}],"line":50}},"s":{"0":4,"1":4,"2":0,"3":4,"4":0,"5":4,"6":4,"7":4,"8":0,"9":4,"10":1,"11":4,"12":0,"13":4,"14":0,"15":4,"16":0,"17":4,"18":0,"19":4,"20":0,"21":4,"22":0,"23":4,"24":1},"f":{"0":4,"1":4},"b":{"0":[0,4],"1":[4,4],"2":[0,4],"3":[0,4],"4":[4,4],"5":[1,3],"6":[4,4],"7":[0,4],"8":[4,4],"9":[0,4],"10":[4,4,4],"11":[0,4],"12":[4,4],"13":[0,4],"14":[4,4,4],"15":[0,4],"16":[4,4],"17":[0,4]},"_coverageSchema":"1a1c01bbd47fc00a2c39e90264f33305004495a9","hash":"ab15530177b78771f5ee56beb9adda24f115c79f"}
}
