TN:
SF:data_local\USAGE_EXAMPLE.js
FN:15,example1_singleBrand
FN:54,example2_compareAllBrands
FN:65,(anonymous_2)
FN:82,(anonymous_3)
FN:85,(anonymous_4)
FN:92,(anonymous_5)
FN:102,example3_validateBrand
FN:112,(anonymous_7)
FN:120,example4_findOptimalConditions
FN:131,(anonymous_9)
FNF:10
FNH:0
FNDA:0,example1_singleBrand
FNDA:0,example2_compareAllBrands
FNDA:0,(anonymous_2)
FNDA:0,(anonymous_3)
FNDA:0,(anonymous_4)
FNDA:0,(anonymous_5)
FNDA:0,example3_validateBrand
FNDA:0,(anonymous_7)
FNDA:0,example4_findOptimalConditions
FNDA:0,(anonymous_9)
DA:7,0
DA:8,0
DA:9,0
DA:16,0
DA:19,0
DA:21,0
DA:22,0
DA:23,0
DA:26,0
DA:27,0
DA:30,0
DA:46,0
DA:47,0
DA:55,0
DA:57,0
DA:58,0
DA:65,0
DA:66,0
DA:67,0
DA:69,0
DA:76,0
DA:82,0
DA:85,0
DA:86,0
DA:87,0
DA:88,0
DA:91,0
DA:92,0
DA:93,0
DA:94,0
DA:103,0
DA:105,0
DA:106,0
DA:108,0
DA:109,0
DA:111,0
DA:112,0
DA:121,0
DA:123,0
DA:124,0
DA:127,0
DA:129,0
DA:131,0
DA:132,0
DA:144,0
DA:145,0
DA:147,0
DA:155,0
DA:156,0
DA:157,0
DA:158,0
DA:159,0
DA:162,0
LF:53
LH:0
BRDA:21,0,0,0
BRDA:21,0,1,0
BRDA:67,1,0,0
BRDA:67,1,1,0
BRDA:86,2,0,0
BRDA:86,2,1,0
BRDA:87,3,0,0
BRDA:87,3,1,0
BRDA:93,4,0,0
BRDA:93,4,1,0
BRDA:108,5,0,0
BRDA:108,5,1,0
BRDA:145,6,0,0
BRDA:145,6,1,0
BRDA:145,7,0,0
BRDA:145,7,1,0
BRDA:147,8,0,0
BRDA:147,8,1,0
BRDA:155,9,0,0
BRDA:155,9,1,0
BRF:20
BRH:0
end_of_record
TN:
SF:data_local\brandLoader.js
FN:14,loadBrandsData
FN:23,getBrandById
FN:31,getAllBrands
FN:40,getBrandForEngine
FN:49,validateBrandDefaults
FNF:5
FNH:0
FNDA:0,loadBrandsData
FNDA:0,getBrandById
FNDA:0,getAllBrands
FNDA:0,getBrandForEngine
FNDA:0,validateBrandDefaults
DA:8,0
DA:15,0
DA:24,0
DA:32,0
DA:41,0
DA:50,0
DA:51,0
DA:53,0
DA:54,0
DA:55,0
DA:58,0
DA:59,0
DA:60,0
DA:61,0
DA:66,0
DA:67,0
DA:70,0
DA:71,0
DA:74,0
DA:75,0
DA:78,0
DA:84,0
LF:22
LH:0
BRDA:53,0,0,0
BRDA:53,0,1,0
BRDA:60,1,0,0
BRDA:60,1,1,0
BRDA:60,2,0,0
BRDA:60,2,1,0
BRDA:66,3,0,0
BRDA:66,3,1,0
BRDA:66,4,0,0
BRDA:66,4,1,0
BRDA:70,5,0,0
BRDA:70,5,1,0
BRDA:70,6,0,0
BRDA:70,6,1,0
BRDA:70,6,2,0
BRDA:74,7,0,0
BRDA:74,7,1,0
BRDA:74,8,0,0
BRDA:74,8,1,0
BRDA:74,8,2,0
BRF:20
BRH:0
end_of_record
TN:
SF:data_local\dbLoader.js
FN:18,connectDatabase
FN:63,fetchBrandsFromDB
FN:92,(anonymous_2)
FN:140,(anonymous_3)
FN:177,loadBrandsFromLocal
FN:191,loadBrandsData
FN:249,getBrandById
FN:251,(anonymous_7)
FN:265,getAllBrands
FN:267,(anonymous_9)
FN:281,getBrandForEngine
FNF:11
FNH:0
FNDA:0,connectDatabase
FNDA:0,fetchBrandsFromDB
FNDA:0,(anonymous_2)
FNDA:0,(anonymous_3)
FNDA:0,loadBrandsFromLocal
FNDA:0,loadBrandsData
FNDA:0,getBrandById
FNDA:0,(anonymous_7)
FNDA:0,getAllBrands
FNDA:0,(anonymous_9)
FNDA:0,getBrandForEngine
DA:8,0
DA:9,0
DA:10,0
DA:13,0
DA:19,0
DA:20,0
DA:23,0
DA:24,0
DA:27,0
DA:28,0
DA:29,0
DA:30,0
DA:37,0
DA:38,0
DA:39,0
DA:40,0
DA:47,0
DA:49,0
DA:50,0
DA:53,0
DA:54,0
DA:64,0
DA:65,0
DA:68,0
DA:69,0
DA:70,0
DA:92,0
DA:117,0
DA:118,0
DA:140,0
DA:167,0
DA:168,0
DA:171,0
DA:178,0
DA:179,0
DA:180,0
DA:182,0
DA:183,0
DA:192,0
DA:193,0
DA:196,0
DA:197,0
DA:198,0
DA:199,0
DA:200,0
DA:202,0
DA:203,0
DA:206,0
DA:207,0
DA:208,0
DA:209,0
DA:212,0
DA:216,0
DA:219,0
DA:220,0
DA:221,0
DA:222,0
DA:223,0
DA:224,0
DA:233,0
DA:234,0
DA:235,0
DA:236,0
DA:237,0
DA:239,0
DA:240,0
DA:250,0
DA:251,0
DA:253,0
DA:254,0
DA:255,0
DA:258,0
DA:266,0
DA:267,0
DA:282,0
DA:284,0
DA:285,0
DA:288,0
DA:295,0
LF:79
LH:0
BRDA:19,0,0,0
BRDA:19,0,1,0
BRDA:20,1,0,0
BRDA:20,1,1,0
BRDA:23,2,0,0
BRDA:23,2,1,0
BRDA:28,3,0,0
BRDA:28,3,1,0
BRDA:31,4,0,0
BRDA:31,4,1,0
BRDA:32,5,0,0
BRDA:32,5,1,0
BRDA:33,6,0,0
BRDA:33,6,1,0
BRDA:34,7,0,0
BRDA:34,7,1,0
BRDA:35,8,0,0
BRDA:35,8,1,0
BRDA:38,9,0,0
BRDA:38,9,1,0
BRDA:38,10,0,0
BRDA:38,10,1,0
BRDA:41,11,0,0
BRDA:41,11,1,0
BRDA:42,12,0,0
BRDA:42,12,1,0
BRDA:43,13,0,0
BRDA:43,13,1,0
BRDA:44,14,0,0
BRDA:44,14,1,0
BRDA:45,15,0,0
BRDA:45,15,1,0
BRDA:64,16,0,0
BRDA:64,16,1,0
BRDA:69,17,0,0
BRDA:69,17,1,0
BRDA:100,18,0,0
BRDA:100,18,1,0
BRDA:104,19,0,0
BRDA:104,19,1,0
BRDA:109,20,0,0
BRDA:109,20,1,0
BRDA:113,21,0,0
BRDA:113,21,1,0
BRDA:117,22,0,0
BRDA:117,22,1,0
BRDA:148,23,0,0
BRDA:148,23,1,0
BRDA:152,24,0,0
BRDA:152,24,1,0
BRDA:157,25,0,0
BRDA:157,25,1,0
BRDA:161,26,0,0
BRDA:161,26,1,0
BRDA:198,27,0,0
BRDA:198,27,1,0
BRDA:202,28,0,0
BRDA:202,28,1,0
BRDA:202,29,0,0
BRDA:202,29,1,0
BRDA:206,30,0,0
BRDA:206,30,1,0
BRDA:208,31,0,0
BRDA:208,31,1,0
BRDA:219,32,0,0
BRDA:219,32,1,0
BRDA:221,33,0,0
BRDA:221,33,1,0
BRDA:223,34,0,0
BRDA:223,34,1,0
BRDA:253,35,0,0
BRDA:253,35,1,0
BRDA:284,36,0,0
BRDA:284,36,1,0
BRF:74
BRH:0
end_of_record
TN:
SF:decision\index.js
FN:23,calculate
FN:53,(anonymous_1)
FN:93,determineRiskLevel
FNF:3
FNH:0
FNDA:0,calculate
FNDA:0,(anonymous_1)
FNDA:0,determineRiskLevel
DA:8,0
DA:9,0
DA:10,0
DA:31,0
DA:34,0
DA:37,0
DA:40,0
DA:41,0
DA:42,0
DA:45,0
DA:48,0
DA:52,0
DA:53,0
DA:58,0
DA:59,0
DA:60,0
DA:70,0
DA:83,0
DA:84,0
DA:87,0
DA:95,0
DA:99,0
DA:100,0
DA:101,0
DA:103,0
DA:107,0
LF:26
LH:0
BRDA:41,0,0,0
BRDA:41,0,1,0
BRDA:42,1,0,0
BRDA:42,1,1,0
BRDA:53,2,0,0
BRDA:53,2,1,0
BRDA:59,3,0,0
BRDA:59,3,1,0
BRDA:59,4,0,0
BRDA:59,4,1,0
BRDA:59,4,2,0
BRDA:83,5,0,0
BRDA:83,5,1,0
BRDA:95,6,0,0
BRDA:95,6,1,0
BRDA:95,7,0,0
BRDA:95,7,1,0
BRDA:95,7,2,0
BRDA:95,7,3,0
BRDA:95,7,4,0
BRDA:100,8,0,0
BRDA:100,8,1,0
BRDA:100,9,0,0
BRDA:100,9,1,0
BRF:24
BRH:0
end_of_record
TN:
SF:decision\scorer.js
FN:17,calculateScore
FN:172,determineSignal
FN:234,estimateSurvivalMonths
FN:362,generateRiskFactors
FNF:4
FNH:4
FNDA:33,calculateScore
FNDA:10,determineSignal
FNDA:11,estimateSurvivalMonths
FNDA:7,generateRiskFactors
DA:18,33
DA:25,33
DA:26,33
DA:27,33
DA:28,33
DA:29,33
DA:30,33
DA:32,33
DA:33,32
DA:34,29
DA:35,29
DA:36,3
DA:37,1
DA:38,1
DA:39,2
DA:40,1
DA:42,1
DA:45,1
DA:46,1
DA:50,33
DA:51,2
DA:52,2
DA:53,31
DA:54,1
DA:55,1
DA:57,30
DA:62,33
DA:63,33
DA:65,33
DA:66,1
DA:67,1
DA:68,32
DA:69,30
DA:70,30
DA:71,2
DA:72,1
DA:73,1
DA:75,1
DA:81,33
DA:82,33
DA:83,1
DA:84,32
DA:85,1
DA:87,31
DA:91,33
DA:92,33
DA:93,1
DA:94,1
DA:95,32
DA:96,2
DA:97,2
DA:99,30
DA:103,33
DA:104,33
DA:105,4
DA:106,1
DA:107,3
DA:108,1
DA:109,2
DA:110,1
DA:112,1
DA:117,33
DA:118,33
DA:119,4
DA:120,3
DA:124,33
DA:125,33
DA:126,32
DA:127,31
DA:130,33
DA:133,33
DA:140,33
DA:143,33
DA:145,33
DA:148,33
DA:150,33
DA:177,10
DA:178,10
DA:181,9
DA:182,9
DA:184,8
DA:189,3
DA:193,5
DA:194,5
DA:195,5
DA:198,5
DA:201,1
DA:204,4
DA:210,3
DA:214,1
DA:215,0
DA:216,0
DA:236,11
DA:237,11
DA:240,11
DA:241,10
DA:242,3
DA:243,7
DA:244,6
DA:247,1
DA:251,11
DA:252,11
DA:253,2
DA:254,9
DA:255,0
DA:259,11
DA:260,11
DA:261,1
DA:262,10
DA:263,0
DA:267,11
DA:268,11
DA:269,1
DA:270,10
DA:271,0
DA:275,11
DA:276,11
DA:277,0
DA:280,11
DA:281,11
DA:282,0
DA:286,11
DA:287,1
DA:291,11
DA:292,11
DA:293,11
DA:294,2
DA:295,9
DA:296,0
DA:297,9
DA:298,0
DA:302,11
DA:305,11
DA:306,11
DA:307,1
DA:308,10
DA:309,5
DA:310,5
DA:311,4
DA:315,11
DA:316,11
DA:317,1
DA:325,10
DA:326,5
DA:334,5
DA:335,4
DA:345,11
DA:363,7
DA:366,7
DA:367,7
DA:368,1
DA:382,7
DA:383,1
DA:396,7
DA:397,1
DA:409,7
DA:410,7
DA:411,7
DA:425,7
DA:426,7
DA:427,2
DA:440,7
DA:441,7
DA:442,7
DA:443,1
DA:454,6
DA:455,0
DA:470,7
DA:471,1
DA:485,7
DA:486,7
DA:487,0
DA:498,7
DA:499,0
DA:500,0
DA:508,0
DA:509,0
DA:517,0
DA:518,0
DA:529,7
DA:532,1
LF:181
LH:164
BRDA:32,0,0,32
BRDA:32,0,1,1
BRDA:32,1,0,33
BRDA:32,1,1,32
BRDA:33,2,0,29
BRDA:33,2,1,3
BRDA:36,3,0,1
BRDA:36,3,1,2
BRDA:39,4,0,1
BRDA:39,4,1,1
BRDA:50,5,0,2
BRDA:50,5,1,31
BRDA:53,6,0,1
BRDA:53,6,1,30
BRDA:62,7,0,33
BRDA:62,7,1,0
BRDA:63,8,0,33
BRDA:63,8,1,0
BRDA:65,9,0,1
BRDA:65,9,1,32
BRDA:68,10,0,30
BRDA:68,10,1,2
BRDA:71,11,0,1
BRDA:71,11,1,1
BRDA:81,12,0,33
BRDA:81,12,1,0
BRDA:82,13,0,1
BRDA:82,13,1,32
BRDA:84,14,0,1
BRDA:84,14,1,31
BRDA:92,15,0,1
BRDA:92,15,1,32
BRDA:95,16,0,2
BRDA:95,16,1,30
BRDA:104,17,0,4
BRDA:104,17,1,29
BRDA:104,18,0,33
BRDA:104,18,1,4
BRDA:105,19,0,1
BRDA:105,19,1,3
BRDA:107,20,0,1
BRDA:107,20,1,2
BRDA:109,21,0,1
BRDA:109,21,1,1
BRDA:117,22,0,33
BRDA:117,22,1,29
BRDA:118,23,0,4
BRDA:118,23,1,29
BRDA:119,24,0,1
BRDA:119,24,1,3
BRDA:120,25,0,1
BRDA:120,25,1,2
BRDA:124,26,0,33
BRDA:124,26,1,0
BRDA:125,27,0,1
BRDA:125,27,1,32
BRDA:126,28,0,1
BRDA:126,28,1,31
BRDA:127,29,0,30
BRDA:127,29,1,1
BRDA:130,30,0,33
BRDA:130,30,1,0
BRDA:133,31,0,33
BRDA:133,31,1,0
BRDA:177,32,0,10
BRDA:177,32,1,0
BRDA:178,33,0,1
BRDA:178,33,1,9
BRDA:178,34,0,10
BRDA:178,34,1,10
BRDA:181,35,0,9
BRDA:181,35,1,0
BRDA:182,36,0,1
BRDA:182,36,1,8
BRDA:184,37,0,3
BRDA:184,37,1,5
BRDA:185,38,0,8
BRDA:185,38,1,7
BRDA:185,38,2,7
BRDA:185,38,3,5
BRDA:193,39,0,5
BRDA:193,39,1,0
BRDA:194,40,0,5
BRDA:194,40,1,0
BRDA:198,41,0,1
BRDA:198,41,1,4
BRDA:198,42,0,5
BRDA:198,42,1,1
BRDA:204,43,0,3
BRDA:204,43,1,1
BRDA:205,44,0,4
BRDA:205,44,1,3
BRDA:205,44,2,2
BRDA:205,44,3,1
BRDA:214,45,0,1
BRDA:214,45,1,0
BRDA:215,46,0,0
BRDA:215,46,1,0
BRDA:240,47,0,10
BRDA:240,47,1,1
BRDA:240,48,0,11
BRDA:240,48,1,10
BRDA:241,49,0,3
BRDA:241,49,1,7
BRDA:243,50,0,6
BRDA:243,50,1,1
BRDA:251,51,0,11
BRDA:251,51,1,0
BRDA:252,52,0,2
BRDA:252,52,1,9
BRDA:254,53,0,0
BRDA:254,53,1,9
BRDA:260,54,0,1
BRDA:260,54,1,10
BRDA:262,55,0,0
BRDA:262,55,1,10
BRDA:268,56,0,1
BRDA:268,56,1,10
BRDA:270,57,0,0
BRDA:270,57,1,10
BRDA:275,58,0,11
BRDA:275,58,1,0
BRDA:276,59,0,0
BRDA:276,59,1,11
BRDA:280,60,0,11
BRDA:280,60,1,0
BRDA:281,61,0,0
BRDA:281,61,1,11
BRDA:286,62,0,1
BRDA:286,62,1,10
BRDA:286,63,0,11
BRDA:286,63,1,10
BRDA:286,63,2,10
BRDA:292,64,0,11
BRDA:292,64,1,0
BRDA:292,65,0,11
BRDA:292,65,1,11
BRDA:293,66,0,2
BRDA:293,66,1,9
BRDA:295,67,0,0
BRDA:295,67,1,9
BRDA:297,68,0,0
BRDA:297,68,1,9
BRDA:306,69,0,1
BRDA:306,69,1,10
BRDA:308,70,0,5
BRDA:308,70,1,5
BRDA:310,71,0,4
BRDA:310,71,1,1
BRDA:316,72,0,1
BRDA:316,72,1,10
BRDA:325,73,0,5
BRDA:325,73,1,5
BRDA:334,74,0,4
BRDA:334,74,1,1
BRDA:367,75,0,1
BRDA:367,75,1,6
BRDA:371,76,0,1
BRDA:371,76,1,0
BRDA:382,77,0,1
BRDA:382,77,1,6
BRDA:382,78,0,7
BRDA:382,78,1,6
BRDA:382,78,2,6
BRDA:386,79,0,1
BRDA:386,79,1,0
BRDA:396,80,0,1
BRDA:396,80,1,6
BRDA:409,81,0,7
BRDA:409,81,1,0
BRDA:414,82,0,0
BRDA:414,82,1,7
BRDA:416,83,0,7
BRDA:416,83,1,0
BRDA:420,84,0,7
BRDA:420,84,1,0
BRDA:426,85,0,2
BRDA:426,85,1,5
BRDA:430,86,0,2
BRDA:430,86,1,0
BRDA:441,87,0,7
BRDA:441,87,1,0
BRDA:441,88,0,7
BRDA:441,88,1,7
BRDA:442,89,0,1
BRDA:442,89,1,6
BRDA:454,90,0,0
BRDA:454,90,1,6
BRDA:470,91,0,1
BRDA:470,91,1,6
BRDA:470,92,0,7
BRDA:470,92,1,7
BRDA:474,93,0,1
BRDA:474,93,1,0
BRDA:485,94,0,7
BRDA:485,94,1,7
BRDA:486,95,0,0
BRDA:486,95,1,7
BRDA:490,96,0,0
BRDA:490,96,1,0
BRDA:490,97,0,0
BRDA:490,97,1,0
BRDA:498,98,0,0
BRDA:498,98,1,7
BRDA:498,99,0,7
BRDA:498,99,1,0
BRDA:499,100,0,0
BRDA:499,100,1,0
BRDA:508,101,0,0
BRDA:508,101,1,0
BRDA:517,102,0,0
BRDA:517,102,1,0
BRF:212
BRH:165
end_of_record
TN:
SF:decision\simulations.js
FN:21,generateImprovementSimulations
FN:86,(anonymous_1)
FN:111,(anonymous_2)
FNF:3
FNH:0
FNDA:0,generateImprovementSimulations
FNDA:0,(anonymous_1)
FNDA:0,(anonymous_2)
DA:7,0
DA:8,0
DA:22,0
DA:25,0
DA:26,0
DA:27,0
DA:33,0
DA:34,0
DA:35,0
DA:37,0
DA:45,0
DA:46,0
DA:53,0
DA:54,0
DA:55,0
DA:57,0
DA:65,0
DA:66,0
DA:73,0
DA:74,0
DA:75,0
DA:77,0
DA:85,0
DA:86,0
DA:90,0
DA:91,0
DA:97,0
DA:98,0
DA:99,0
DA:101,0
DA:110,0
DA:111,0
DA:115,0
DA:116,0
DA:122,0
DA:123,0
DA:124,0
DA:126,0
DA:135,0
DA:136,0
DA:140,0
DA:147,0
DA:148,0
DA:149,0
DA:151,0
DA:152,0
DA:160,0
DA:163,0
LF:48
LH:0
BRDA:35,0,0,0
BRDA:35,0,1,0
BRDA:55,1,0,0
BRDA:55,1,1,0
BRDA:75,2,0,0
BRDA:75,2,1,0
BRDA:85,3,0,0
BRDA:85,3,1,0
BRDA:85,4,0,0
BRDA:85,4,1,0
BRDA:99,5,0,0
BRDA:99,5,1,0
BRDA:110,6,0,0
BRDA:110,6,1,0
BRDA:110,7,0,0
BRDA:110,7,1,0
BRDA:124,8,0,0
BRDA:124,8,1,0
BRDA:136,9,0,0
BRDA:136,9,1,0
BRDA:136,10,0,0
BRDA:136,10,1,0
BRDA:136,10,2,0
BRDA:149,11,0,0
BRDA:149,11,1,0
BRDA:151,12,0,0
BRDA:151,12,1,0
BRF:27
BRH:0
end_of_record
TN:
SF:decision\validator.js
FN:15,validateDecisionOutput
FN:65,(anonymous_1)
FN:102,(anonymous_2)
FN:121,(anonymous_3)
FN:148,(anonymous_4)
FN:177,(anonymous_5)
FN:208,validateDecisionOutputSimple
FNF:7
FNH:0
FNDA:0,validateDecisionOutput
FNDA:0,(anonymous_1)
FNDA:0,(anonymous_2)
FNDA:0,(anonymous_3)
FNDA:0,(anonymous_4)
FNDA:0,(anonymous_5)
FNDA:0,validateDecisionOutputSimple
DA:8,0
DA:16,0
DA:17,0
DA:24,0
DA:25,0
DA:26,0
DA:27,0
DA:31,0
DA:32,0
DA:34,0
DA:35,0
DA:36,0
DA:41,0
DA:42,0
DA:43,0
DA:44,0
DA:48,0
DA:49,0
DA:51,0
DA:52,0
DA:53,0
DA:58,0
DA:59,0
DA:61,0
DA:62,0
DA:65,0
DA:66,0
DA:67,0
DA:78,0
DA:79,0
DA:82,0
DA:86,0
DA:87,0
DA:88,0
DA:89,0
DA:93,0
DA:97,0
DA:98,0
DA:99,0
DA:101,0
DA:102,0
DA:103,0
DA:104,0
DA:105,0
DA:108,0
DA:113,0
DA:117,0
DA:118,0
DA:119,0
DA:121,0
DA:122,0
DA:123,0
DA:125,0
DA:126,0
DA:128,0
DA:129,0
DA:131,0
DA:132,0
DA:134,0
DA:135,0
DA:140,0
DA:144,0
DA:145,0
DA:146,0
DA:148,0
DA:149,0
DA:150,0
DA:152,0
DA:153,0
DA:155,0
DA:156,0
DA:158,0
DA:159,0
DA:160,0
DA:171,0
DA:174,0
DA:175,0
DA:177,0
DA:178,0
DA:179,0
DA:189,0
DA:191,0
DA:192,0
DA:196,0
DA:209,0
DA:211,0
DA:212,0
DA:213,0
DA:214,0
DA:216,0
DA:220,0
DA:221,0
DA:224,0
DA:227,0
LF:94
LH:0
BRDA:24,0,0,0
BRDA:24,0,1,0
BRDA:26,1,0,0
BRDA:26,1,1,0
BRDA:26,2,0,0
BRDA:26,2,1,0
BRDA:26,2,2,0
BRDA:31,3,0,0
BRDA:31,3,1,0
BRDA:35,4,0,0
BRDA:35,4,1,0
BRDA:41,5,0,0
BRDA:41,5,1,0
BRDA:43,6,0,0
BRDA:43,6,1,0
BRDA:43,7,0,0
BRDA:43,7,1,0
BRDA:48,8,0,0
BRDA:48,8,1,0
BRDA:52,9,0,0
BRDA:52,9,1,0
BRDA:58,10,0,0
BRDA:58,10,1,0
BRDA:61,11,0,0
BRDA:61,11,1,0
BRDA:66,12,0,0
BRDA:66,12,1,0
BRDA:78,13,0,0
BRDA:78,13,1,0
BRDA:79,14,0,0
BRDA:79,14,1,0
BRDA:79,15,0,0
BRDA:79,15,1,0
BRDA:79,15,2,0
BRDA:86,16,0,0
BRDA:86,16,1,0
BRDA:88,17,0,0
BRDA:88,17,1,0
BRDA:97,18,0,0
BRDA:97,18,1,0
BRDA:98,19,0,0
BRDA:98,19,1,0
BRDA:103,20,0,0
BRDA:103,20,1,0
BRDA:105,21,0,0
BRDA:105,21,1,0
BRDA:105,22,0,0
BRDA:105,22,1,0
BRDA:105,22,2,0
BRDA:117,23,0,0
BRDA:117,23,1,0
BRDA:118,24,0,0
BRDA:118,24,1,0
BRDA:122,25,0,0
BRDA:122,25,1,0
BRDA:122,26,0,0
BRDA:122,26,1,0
BRDA:125,27,0,0
BRDA:125,27,1,0
BRDA:125,28,0,0
BRDA:125,28,1,0
BRDA:128,29,0,0
BRDA:128,29,1,0
BRDA:128,30,0,0
BRDA:128,30,1,0
BRDA:131,31,0,0
BRDA:131,31,1,0
BRDA:131,32,0,0
BRDA:131,32,1,0
BRDA:134,33,0,0
BRDA:134,33,1,0
BRDA:134,34,0,0
BRDA:134,34,1,0
BRDA:144,35,0,0
BRDA:144,35,1,0
BRDA:145,36,0,0
BRDA:145,36,1,0
BRDA:149,37,0,0
BRDA:149,37,1,0
BRDA:149,38,0,0
BRDA:149,38,1,0
BRDA:152,39,0,0
BRDA:152,39,1,0
BRDA:152,40,0,0
BRDA:152,40,1,0
BRDA:155,41,0,0
BRDA:155,41,1,0
BRDA:155,42,0,0
BRDA:155,42,1,0
BRDA:159,43,0,0
BRDA:159,43,1,0
BRDA:174,44,0,0
BRDA:174,44,1,0
BRDA:174,45,0,0
BRDA:174,45,1,0
BRDA:175,46,0,0
BRDA:175,46,1,0
BRDA:175,47,0,0
BRDA:175,47,1,0
BRDA:178,48,0,0
BRDA:178,48,1,0
BRDA:189,49,0,0
BRDA:189,49,1,0
BRDA:189,50,0,0
BRDA:189,50,1,0
BRDA:191,51,0,0
BRDA:191,51,1,0
BRDA:208,52,0,0
BRDA:211,53,0,0
BRDA:211,53,1,0
BRDA:213,54,0,0
BRDA:213,54,1,0
BRDA:220,55,0,0
BRDA:220,55,1,0
BRF:114
BRH:0
end_of_record
TN:
SF:finance\calculator.js
FN:20,calculateFinance
FN:138,(anonymous_1)
FN:243,calculateSensitivity
FN:264,(anonymous_3)
FNF:4
FNH:4
FNDA:29,calculateFinance
FNDA:175,(anonymous_1)
FNDA:50,calculateSensitivity
FNDA:350,(anonymous_3)
DA:8,1
DA:9,1
DA:22,29
DA:23,1
DA:26,28
DA:27,28
DA:28,83
DA:29,1
DA:33,27
DA:34,0
DA:37,27
DA:38,1
DA:42,26
DA:43,4
DA:44,4
DA:45,1
DA:49,25
DA:50,25
DA:51,25
DA:52,25
DA:53,25
DA:54,25
DA:55,25
DA:56,25
DA:59,25
DA:66,25
DA:67,25
DA:68,7
DA:72,25
DA:73,25
DA:75,25
DA:76,1
DA:77,24
DA:78,1
DA:79,23
DA:80,4
DA:84,25
DA:87,25
DA:88,25
DA:89,7
DA:94,25
DA:96,25
DA:97,7
DA:98,18
DA:99,16
DA:100,2
DA:101,1
DA:103,1
DA:104,1
DA:107,25
DA:111,25
DA:112,25
DA:115,25
DA:126,25
DA:128,1
DA:129,1
DA:133,25
DA:134,25
DA:135,25
DA:138,175
DA:139,25
DA:142,25
DA:145,25
DA:152,25
DA:158,25
DA:163,25
DA:164,25
DA:185,25
DA:244,50
DA:247,50
DA:258,50
DA:259,2
DA:260,2
DA:264,350
DA:265,50
DA:268,50
DA:271,50
DA:275,50
DA:281,1
LF:79
LH:78
BRDA:22,0,0,1
BRDA:22,0,1,28
BRDA:28,1,0,1
BRDA:28,1,1,82
BRDA:28,2,0,83
BRDA:28,2,1,82
BRDA:33,3,0,0
BRDA:33,3,1,27
BRDA:33,4,0,27
BRDA:33,4,1,27
BRDA:37,5,0,1
BRDA:37,5,1,26
BRDA:37,6,0,27
BRDA:37,6,1,26
BRDA:42,7,0,4
BRDA:42,7,1,22
BRDA:44,8,0,1
BRDA:44,8,1,3
BRDA:53,9,0,25
BRDA:53,9,1,0
BRDA:54,10,0,25
BRDA:54,10,1,0
BRDA:55,11,0,25
BRDA:55,11,1,0
BRDA:56,12,0,25
BRDA:56,12,1,0
BRDA:67,13,0,7
BRDA:67,13,1,18
BRDA:67,14,0,25
BRDA:67,14,1,7
BRDA:67,14,2,7
BRDA:73,15,0,25
BRDA:73,15,1,18
BRDA:75,16,0,1
BRDA:75,16,1,24
BRDA:77,17,0,1
BRDA:77,17,1,23
BRDA:79,18,0,4
BRDA:79,18,1,19
BRDA:88,19,0,7
BRDA:88,19,1,18
BRDA:96,20,0,7
BRDA:96,20,1,18
BRDA:96,21,0,25
BRDA:96,21,1,7
BRDA:98,22,0,16
BRDA:98,22,1,2
BRDA:98,23,0,18
BRDA:98,23,1,16
BRDA:100,24,0,1
BRDA:100,24,1,1
BRDA:100,25,0,2
BRDA:100,25,1,1
BRDA:111,26,0,7
BRDA:111,26,1,18
BRDA:112,27,0,1
BRDA:112,27,1,24
BRDA:126,28,0,1
BRDA:126,28,1,24
BRDA:128,29,0,1
BRDA:128,29,1,0
BRDA:133,30,0,25
BRDA:133,30,1,22
BRDA:145,31,0,3
BRDA:145,31,1,22
BRDA:152,32,0,21
BRDA:152,32,1,4
BRDA:158,33,0,24
BRDA:158,33,1,1
BRDA:158,34,0,25
BRDA:158,34,1,25
BRDA:193,35,0,7
BRDA:193,35,1,18
BRDA:194,36,0,7
BRDA:194,36,1,18
BRDA:209,37,0,4
BRDA:209,37,1,21
BRDA:210,38,0,1
BRDA:210,38,1,24
BRDA:216,39,0,3
BRDA:216,39,1,22
BRDA:222,40,0,4
BRDA:222,40,1,21
BRDA:226,41,0,4
BRDA:226,41,1,21
BRDA:243,42,0,0
BRDA:251,43,0,50
BRDA:251,43,1,0
BRDA:252,44,0,50
BRDA:252,44,1,0
BRDA:253,45,0,50
BRDA:253,45,1,0
BRDA:258,46,0,2
BRDA:258,46,1,48
BRDA:259,47,0,2
BRDA:259,47,1,0
BRDA:271,48,0,42
BRDA:271,48,1,8
BRF:98
BRH:87
end_of_record
TN:
SF:finance\index.js
FN:21,calculate
FN:44,(anonymous_1)
FN:45,(anonymous_2)
FNF:3
FNH:0
FNDA:0,calculate
FNDA:0,(anonymous_1)
FNDA:0,(anonymous_2)
DA:8,0
DA:9,0
DA:28,0
DA:31,0
DA:42,0
DA:43,0
DA:44,0
DA:46,0
DA:53,0
DA:62,0
DA:66,0
DA:67,0
DA:70,0
DA:73,0
LF:14
LH:0
BRDA:27,0,0,0
BRDA:42,1,0,0
BRDA:42,1,1,0
BRDA:56,2,0,0
BRDA:56,2,1,0
BRDA:66,3,0,0
BRDA:66,3,1,0
BRF:7
BRH:0
end_of_record
TN:
SF:finance\validator.js
FN:15,validateFinanceOutput
FN:125,(anonymous_1)
FN:179,validateFinanceOutputSimple
FNF:3
FNH:0
FNDA:0,validateFinanceOutput
FNDA:0,(anonymous_1)
FNDA:0,validateFinanceOutputSimple
DA:8,0
DA:16,0
DA:17,0
DA:24,0
DA:25,0
DA:26,0
DA:27,0
DA:31,0
DA:32,0
DA:34,0
DA:35,0
DA:36,0
DA:37,0
DA:38,0
DA:39,0
DA:45,0
DA:46,0
DA:47,0
DA:48,0
DA:52,0
DA:53,0
DA:54,0
DA:55,0
DA:59,0
DA:60,0
DA:61,0
DA:62,0
DA:66,0
DA:67,0
DA:69,0
DA:70,0
DA:72,0
DA:73,0
DA:75,0
DA:77,0
DA:81,0
DA:82,0
DA:84,0
DA:85,0
DA:87,0
DA:89,0
DA:99,0
DA:100,0
DA:101,0
DA:104,0
DA:105,0
DA:108,0
DA:109,0
DA:113,0
DA:114,0
DA:117,0
DA:121,0
DA:122,0
DA:123,0
DA:125,0
DA:126,0
DA:127,0
DA:129,0
DA:130,0
DA:132,0
DA:134,0
DA:145,0
DA:148,0
DA:149,0
DA:150,0
DA:153,0
DA:154,0
DA:155,0
DA:161,0
DA:162,0
DA:163,0
DA:167,0
DA:180,0
DA:182,0
DA:183,0
DA:184,0
DA:185,0
DA:187,0
DA:191,0
DA:192,0
DA:195,0
DA:198,0
LF:82
LH:0
BRDA:24,0,0,0
BRDA:24,0,1,0
BRDA:26,1,0,0
BRDA:26,1,1,0
BRDA:26,2,0,0
BRDA:26,2,1,0
BRDA:31,3,0,0
BRDA:31,3,1,0
BRDA:31,4,0,0
BRDA:31,4,1,0
BRDA:36,5,0,0
BRDA:36,5,1,0
BRDA:38,6,0,0
BRDA:38,6,1,0
BRDA:45,7,0,0
BRDA:45,7,1,0
BRDA:47,8,0,0
BRDA:47,8,1,0
BRDA:52,9,0,0
BRDA:52,9,1,0
BRDA:54,10,0,0
BRDA:54,10,1,0
BRDA:54,11,0,0
BRDA:54,11,1,0
BRDA:54,11,2,0
BRDA:59,12,0,0
BRDA:59,12,1,0
BRDA:61,13,0,0
BRDA:61,13,1,0
BRDA:61,14,0,0
BRDA:61,14,1,0
BRDA:61,14,2,0
BRDA:66,15,0,0
BRDA:66,15,1,0
BRDA:66,16,0,0
BRDA:66,16,1,0
BRDA:69,17,0,0
BRDA:69,17,1,0
BRDA:69,18,0,0
BRDA:69,18,1,0
BRDA:72,19,0,0
BRDA:72,19,1,0
BRDA:75,20,0,0
BRDA:75,20,1,0
BRDA:75,21,0,0
BRDA:75,21,1,0
BRDA:75,21,2,0
BRDA:81,22,0,0
BRDA:81,22,1,0
BRDA:81,23,0,0
BRDA:81,23,1,0
BRDA:84,24,0,0
BRDA:84,24,1,0
BRDA:87,25,0,0
BRDA:87,25,1,0
BRDA:87,26,0,0
BRDA:87,26,1,0
BRDA:87,26,2,0
BRDA:99,27,0,0
BRDA:99,27,1,0
BRDA:100,28,0,0
BRDA:100,28,1,0
BRDA:100,29,0,0
BRDA:100,29,1,0
BRDA:104,30,0,0
BRDA:104,30,1,0
BRDA:104,31,0,0
BRDA:104,31,1,0
BRDA:108,32,0,0
BRDA:108,32,1,0
BRDA:108,33,0,0
BRDA:108,33,1,0
BRDA:113,34,0,0
BRDA:113,34,1,0
BRDA:113,35,0,0
BRDA:113,35,1,0
BRDA:121,36,0,0
BRDA:121,36,1,0
BRDA:122,37,0,0
BRDA:122,37,1,0
BRDA:126,38,0,0
BRDA:126,38,1,0
BRDA:126,39,0,0
BRDA:126,39,1,0
BRDA:129,40,0,0
BRDA:129,40,1,0
BRDA:132,41,0,0
BRDA:132,41,1,0
BRDA:132,42,0,0
BRDA:132,42,1,0
BRDA:132,42,2,0
BRDA:148,43,0,0
BRDA:148,43,1,0
BRDA:148,44,0,0
BRDA:148,44,1,0
BRDA:154,45,0,0
BRDA:154,45,1,0
BRDA:161,46,0,0
BRDA:161,46,1,0
BRDA:161,47,0,0
BRDA:161,47,1,0
BRDA:162,48,0,0
BRDA:162,48,1,0
BRDA:162,49,0,0
BRDA:162,49,1,0
BRDA:179,50,0,0
BRDA:182,51,0,0
BRDA:182,51,1,0
BRDA:184,52,0,0
BRDA:184,52,1,0
BRDA:191,53,0,0
BRDA:191,53,1,0
BRF:112
BRH:0
end_of_record
TN:
SF:finance\loan\amortize.js
FN:17,calculateEqualPayment
FN:60,calculateEqualPrincipal
FN:98,calculateInterestOnly
FN:127,amortizeLoans
FNF:4
FNH:2
FNDA:39,calculateEqualPayment
FNDA:0,calculateEqualPrincipal
FNDA:0,calculateInterestOnly
FNDA:25,amortizeLoans
DA:18,39
DA:22,39
DA:23,0
DA:25,39
DA:26,39
DA:30,39
DA:31,39
DA:33,39
DA:34,468
DA:35,468
DA:36,468
DA:38,468
DA:47,39
DA:61,0
DA:62,0
DA:65,0
DA:66,0
DA:68,0
DA:69,0
DA:70,0
DA:71,0
DA:73,0
DA:83,0
DA:85,0
DA:99,0
DA:100,0
DA:103,0
DA:104,0
DA:106,0
DA:107,0
DA:116,0
DA:128,25
DA:129,22
DA:139,3
DA:140,3
DA:141,3
DA:142,3
DA:143,3
DA:144,3
DA:147,3
DA:148,3
DA:151,3
DA:152,0
DA:154,3
DA:155,0
DA:157,3
DA:158,0
DA:162,3
DA:164,3
DA:165,3
DA:167,0
DA:168,0
DA:170,0
DA:171,0
DA:173,0
DA:176,3
DA:177,3
DA:178,3
DA:179,3
DA:180,3
DA:182,3
DA:195,3
DA:196,36
DA:197,36
DA:198,36
DA:199,36
DA:201,36
DA:202,36
DA:205,36
DA:207,36
DA:208,36
DA:210,0
DA:211,0
DA:213,0
DA:214,0
DA:217,36
DA:218,36
DA:219,36
DA:220,36
DA:221,36
DA:225,36
DA:234,3
DA:244,1
LF:83
LH:52
BRDA:22,0,0,0
BRDA:22,0,1,39
BRDA:83,1,0,0
BRDA:83,1,1,0
BRDA:128,2,0,22
BRDA:128,2,1,3
BRDA:128,3,0,25
BRDA:128,3,1,25
BRDA:151,4,0,0
BRDA:151,4,1,3
BRDA:151,5,0,3
BRDA:151,5,1,3
BRDA:154,6,0,0
BRDA:154,6,1,3
BRDA:154,7,0,3
BRDA:154,7,1,3
BRDA:157,8,0,0
BRDA:157,8,1,3
BRDA:157,9,0,3
BRDA:157,9,1,3
BRDA:162,10,0,3
BRDA:162,10,1,0
BRDA:162,10,2,0
BRDA:162,10,3,0
BRDA:178,11,0,3
BRDA:178,11,1,0
BRDA:179,12,0,3
BRDA:179,12,1,0
BRDA:180,13,0,3
BRDA:180,13,1,0
BRDA:188,14,0,3
BRDA:188,14,1,0
BRDA:189,15,0,3
BRDA:189,15,1,0
BRDA:190,16,0,3
BRDA:190,16,1,0
BRDA:205,17,0,36
BRDA:205,17,1,0
BRDA:205,17,2,0
BRDA:217,18,0,36
BRDA:217,18,1,0
BRF:41
BRH:23
end_of_record
TN:
SF:finance\loan\validator.js
FN:12,validateLoans
FN:25,(anonymous_1)
FNF:2
FNH:2
FNDA:4,validateLoans
FNDA:4,(anonymous_1)
DA:13,4
DA:15,4
DA:16,0
DA:19,4
DA:20,0
DA:23,4
DA:25,4
DA:27,4
DA:28,0
DA:29,4
DA:30,1
DA:34,4
DA:35,0
DA:36,4
DA:37,0
DA:41,4
DA:42,0
DA:43,4
DA:44,0
DA:48,4
DA:49,0
DA:50,4
DA:51,0
DA:55,4
DA:61,1
LF:25
LH:16
BRDA:15,0,0,0
BRDA:15,0,1,4
BRDA:15,1,0,4
BRDA:15,1,1,4
BRDA:19,2,0,0
BRDA:19,2,1,4
BRDA:27,3,0,0
BRDA:27,3,1,4
BRDA:27,4,0,4
BRDA:27,4,1,4
BRDA:29,5,0,1
BRDA:29,5,1,3
BRDA:29,6,0,4
BRDA:29,6,1,4
BRDA:34,7,0,0
BRDA:34,7,1,4
BRDA:34,8,0,4
BRDA:34,8,1,4
BRDA:36,9,0,0
BRDA:36,9,1,4
BRDA:36,10,0,4
BRDA:36,10,1,4
BRDA:36,10,2,4
BRDA:41,11,0,0
BRDA:41,11,1,4
BRDA:41,12,0,4
BRDA:41,12,1,4
BRDA:43,13,0,0
BRDA:43,13,1,4
BRDA:43,14,0,4
BRDA:43,14,1,4
BRDA:43,14,2,4
BRDA:48,15,0,0
BRDA:48,15,1,4
BRDA:48,16,0,4
BRDA:48,16,1,4
BRDA:50,17,0,0
BRDA:50,17,1,4
BRF:38
BRH:29
end_of_record
